# Start logging at 2021-09-26 00:00:03 Mitteleuropäische Sommerzeit
[00:00:03]  tsd_pyro: hey na du wie geht es dir ?
[00:00:03] Sonntag, 26. September 2021
[00:01:03]  tsd_pyro: ich gehe nicht wählen
[00:01:39]  otp_elias: @tsd_pyro dumm.
[00:01:59]  tsd_pyro: ne unnötig
[00:02:20]  otp_elias: @tsd_pyro was zum teufel
[00:02:22]  tsd_pyro: ja egal wer alle scheiße
[00:02:36]  otp_elias: @tsd_pyro machs einfach ungültig
[00:03:04]  tsd_pyro: sind alle scheiße
[00:03:16]  otp_elias: @tsd_pyro MACHS UNGÜLTIG
[00:03:26]  tsd_pyro: @tsd_pyro ja und dann kommt trotzdem einer an die macht
[00:03:32]  otp_elias: wahl-o-mat kam bei mir : CDU
[00:03:42]  tsd_pyro: ne
[00:04:25]  tsd_pyro: egal ob ich jemanden wähle oder net alle sind scheiße
[00:06:51]  herr_elo: der Meinung bin ich auch trotzdem habe ich das geringere übel für mich gewählt
[00:09:15]  otp_elias: einfach npd wählen
[00:09:18]  otp_elias: rein DA
[00:23:30]  otp_elias: Man
[00:23:42]  otp_elias: bin immer noch aufgeteilt im Leaderboard
[00:23:56]  otp_elias: Richtig FRECH
[00:26:51]  otp_elias: xD
[00:29:40]  otp_elias: Was ne runde xD
[00:37:13]  xchrisx2000x: hast du gut geschlafen jonas XD
[00:39:41]  xchrisx2000x: bin dan mal wieder weg
[00:45:41]  otp_elias: Im not gonna leav ur stream
[00:52:20]  otp_elias: ja bitte
[00:52:30]  j0nas500: Alle Befehle: https://j0nas500.de/commands
[00:55:23]  otp_elias: Der kommt mir iwie lost rüber
[00:59:16]  otp_elias: average memes
[00:59:17]  otp_elias: feeling
[01:00:54]  otp_elias: was zum teufel
[01:16:16] This channel is intended for mature audiences.
[01:17:52] Now hosting ToniTastisch90.
[01:18:15] j0nas500 is now offline.
[01:45:12] tonitastisch90 has gone offline. Exiting host mode.
# Start logging at 2021-09-26 19:44:51 Mitteleuropäische Sommerzeit
[19:44:51] connected
