# Start logging at 2021-11-19 15:17:28 Mitteleuropäische Zeit
[15:17:28] connected
[15:17:38]  j0nas500: Kruiz Control Initialized
[15:18:28]  j0nas500: Kruiz Control Initialized
[15:21:24]  j0nas500: !kcreset
[15:21:27]  j0nas500: Kruiz Control Initialized
[15:47:58]  j0nas500: !kcreset
[15:48:01]  j0nas500: Kruiz Control Initialized
[15:49:11]  j0nas500: !kcreset
[15:49:14]  j0nas500: Kruiz Control Initialized
[15:50:27] j0nas500 is live!
[15:51:08] j0nas500 redeemed Trink Wasser 200
[15:51:13]  henne_btw: !mitspielen
[15:51:14]  j0nas500: Um an dem MC RP Adventure Server teilzunehmen, musst du auf den Discord Server dir die Rolle Minecraft geben, der dir Zugriff auf alle relevanten Informationen gibt. Discord: https://jnkl.de/dc
[15:51:34]  fabxx45: imagine
[15:53:38]  fabxx45: einfach geantwortet aber wieder 10 jahre warten KEKw
[15:53:52]  mrtz06: fabssssss
[15:53:58]  j0nas500: @fabxx45 was meinst du
[15:56:52]  akaufy: hi
[15:57:14]  mrtz06: hiiii
[15:57:26]  fabxx45: mrtz
[15:57:30]  fabxx45: was machen
[15:57:36]  akaufy: Ich glaub ich hab es um 18 uhr weil twitch muss stats aktualisieren
[15:57:50]  mrtz06: minecraft machen sachen
[15:57:54]  mrtz06: bei dir
[15:58:18]  mrtz06: gut aussehend wie immer
[15:58:38]  mrtz06: ne ohne ironie
[15:58:45]  mrtz06: :3
[15:59:10]  fabxx45: bei mir ist nix los
[15:59:20]  mrtz06: startet
[16:01:59]  baumschulstuhl: AAAH ICH WERDE GEMETAGAMED
[16:02:03]  baumschulstuhl: HIILFE
[16:02:12]  mrtz06: AHHHHH
[16:02:40]  baumschulstuhl: weil ich deinen stream schaue und sachen sehe die ich net sehen darf
[16:02:51]  baumschulstuhl: jz musste mich auch bannen ):
[16:02:59]  akaufy: Jonas würdest mir head geben
[16:03:16]  baumschulstuhl: nein alles gut :)
[16:03:29]  baumschulstuhl: was ist head
[16:03:31]  akaufy: ja ein diamon head
[16:03:42]  baumschulstuhl: achso
[16:03:46]  akaufy: NotLikeThis
[16:03:47]  baumschulstuhl: wir haben ne neue mod ?
[16:04:27]  baumschulstuhl: viel spaß dir noch
[16:10:58]  fabxx45: ehre alla ehre alla
[16:10:59]  fabxx45: KEKW
[16:11:21]  fabxx45: einen droper sus
[16:13:07]  fabxx45: wusstest du das man einen tür machen kann wo kein spieler durch kann
[16:13:24]  fabxx45: bzw sogar ohen tür
[16:14:33]  fabxx45: du weißt ja wie man durch kommt andere nciht
[16:14:48]  fabxx45: ne
[16:15:00]  fabxx45: weil du es beliebig wohin geben kannst
[16:16:13]  fabxx45: ich weiß auch wie man ein minecraft lift baut
[16:16:58]  fabxx45: man bräuchte nur redstone fakeln verspäter, redstone block, eisen blöcke  und 2 beaken
[16:17:05]  fabxx45: also für die tür
[16:17:32]  fabxx45: das schwäre daran ist ja nur der beaken
[16:18:14]  fabxx45: beacon
[16:18:22]  fabxx45: oder gold blöcke
[16:18:25]  fabxx45: oder diamanten
[16:18:32]  fabxx45: es geht nur darum den beacon zu betätigen
[16:24:44]  j0nas500: marvin7799 hat ein Follow dagelassen
[16:25:06] fabxx45 redeemed Jesus, oh oh eh oh 300
[16:27:41]  marvin7799: hey
[16:27:48] marvin7799 redeemed Mein Name 150
[16:47:34]  tsd_pyro: hey
[16:47:40]  tsd_pyro: mein hübscher
[16:48:10] tsd_pyro redeemed Putinwalk 150
[16:49:00]  tsd_pyro: saufen
[16:49:04]  tsd_pyro: was ich will auch
[16:49:06]  tsd_pyro: ran
[16:55:35]  tsd_pyro: j0 ich brauche hilfe
[16:55:47]  tsd_pyro: noice
[17:00:34]  tsd_pyro: call ?
[17:13:19]  tsd_pyro: j0 habe ein Problem mein Name
[17:15:23]  tsd_pyro: hab es bin dumm
[17:45:28]  justsaruman: Hallöchen einen schönen abend
[18:10:36]  cxrynx_: JONAS
[18:51:32] tsd_pyro redeemed Jesus, oh oh eh oh 300
[18:52:16] tsd_pyro redeemed Mein Name 150
[18:52:38] mrtz06 redeemed Putinwalk 150
[18:52:52]  j0nas500: !kcreset
[18:52:53]  j0nas500: Kruiz Control Initialized
[18:53:24] mrtz06 redeemed Trink Wasser 200
[18:53:27]  tsd_pyro: danke ^^
[18:54:37]  w1seel: Want to become famous? Buy followers  and viewers on  bigfollows .com
[18:54:41] 
[18:54:41] The message from w1seel is now deleted.
[19:29:51]  j0nas500: leviminer hat ein Follow dagelassen
[19:50:23]  cxrynx_: was dat den hier
[20:06:26] cxrynx_ redeemed OOF 100
[20:06:44] cxrynx_ redeemed Mein Name 150
[20:07:10] cxrynx_ redeemed Putinwalk 150
[20:09:06] cxrynx_ redeemed Trink Wasser 200
[20:09:38]  kingjulienkj: Hello
[20:09:45]  cxrynx_: also ich warte bis ich jesus wieder laufen lassen kann
[20:10:07]  tsd_pyro: Depressionen ein täglicher Begleiter, ich stöße alle weg sagt ich muss ganz schnell weiter. Doch genau daran zerbreche ich , ich will diese Selbstmord Gedanken einfach nich. Diese Depressionen habe Angst sie nehmen überhand, wie bei meiner Tante der Fall ist mir bekannt. Die Bilder im Kopf ich falle tiefer ins Loch, wie lange habe ich das jetzt noch. Mein altes ich es nimmt mir den Lebenswillen, am liebsten würde ich ihn gern killen.
[20:10:08]  cxrynx_: das ist mein lied
[20:10:53]  cxrynx_: hallo jonas das tiktok was ich dir geschickt habe
[20:11:09]  tsd_pyro: Okay ;(
[20:11:20]  cxrynx_: jaha das sowieso
[20:11:25]  kingjulienkj: F for pyro qwq
[20:11:25]  cxrynx_: wyld
[20:12:15]  tsd_pyro: glück des meeres das du bestimmt was besseres angelst
[20:12:16]  cxrynx_: köder 1 glaube ich für ne angel maybe
[20:12:45]  kingjulienkj: Mit Köder Kommen mehr Fische in kürzer Zeit und mit Glück bekommt man mehr schätze
[20:12:55]  cxrynx_: jonas auf jeden fall nicht
[20:14:00]  kingjulienkj: Dein Dach sieht krass
[20:14:04]  kingjulienkj: aus
[20:15:33]  beelzebub6_: dauert ein bisschen
[20:18:28]  kingjulienkj: Schenk lili eine Blume kingju20Hinata
[20:20:08]  beelzebub6_: mach mal paar mal, da können voll gute dinge rauskommen
[20:20:27]  kingjulienkj: Puffy karnic1Hype
[20:21:34] cxrynx_ redeemed Jesus, oh oh eh oh 300
[20:21:50]  cxrynx_: jaaaaaaaaaaaaa
[20:22:50]  kingjulienkj: adriyaSchwul
[20:22:58]  kingjulienkj: Tutorial
[20:24:15]  kingjulienkj: Es gibt biome wo mehr schätze kommen
[20:25:43]  kingjulienkj: Hast du die Kohle aufgesammelt?
[20:26:39]  kingjulienkj: Wie wärs mit einer Eisenfarm?
[20:36:36]  maxmasterb: Guten Hunger
[20:37:12]  maxmasterb: Wait a second... LUL
[20:39:55]  maxmasterb: Es gibt coole cr freie Musik von Riot Games.
[20:40:25]  maxmasterb: Die habe ich mal an um im Hintergrund zu klimpern.
[20:40:36]  maxmasterb: Hast du Spotify?
[20:41:50]  maxmasterb: Ich habe sie dir mal geschickt, falls du sie möchtest.
[21:09:47]  maxmasterb: Doch, sein wissen über die Regeln. Kappa
[21:22:28] cxrynx_ redeemed OOF 100
# Start logging at 2021-11-19 21:55:40 Mitteleuropäische Zeit
[21:55:40] connected
[21:55:41] j0nas500 is live!
[21:56:58] cxrynx_ redeemed Jesus, oh oh eh oh 300
[21:58:00]  cxrynx_: JESUS
[22:10:38]  maxmasterb: Huch
[22:11:06]  maxmasterb: Mein Game gerade so: Time too say gooodbye...
[22:11:38]  maxmasterb: Ok...
[22:11:59]  maxmasterb: Ich bin irgendwo gelandet wo mein Spiel immer direkt abstürzt.
[22:12:24]  maxmasterb: Ich probiers mal eben ohne Shader.
[22:13:26]  maxmasterb: Nope
[22:13:58]  maxmasterb: Mir wird das Spiel nicht mal angezeigt.
[22:14:49]  maxmasterb: Können wir probieren
[22:15:10]  maxmasterb: Erst mich, dann dich.
[22:15:25]  maxmasterb: Wer wohin ist die Reihenfolge.
[22:16:29]  maxmasterb: MaxMasterB
[22:17:01]  maxmasterb: Gut, bin bereit.
[22:17:07]  maxmasterb: Ich joine jetzt.
[22:18:36]  maxmasterb: ok...
[22:18:46]  maxmasterb: Das ist ja nice.
[22:18:55]  maxmasterb: Nö, ist genau gleich..
[22:19:37]  maxmasterb: Ich habe dich für ne Sekunde gehört und gesehen hab ich nur den braunen Ladescreen.
[22:20:13]  maxmasterb: Error 0. Schade, dass dein Spiel abgestürzt ist.
[22:20:59]  maxmasterb: Ne aber so in etwa.
[22:21:28]  maxmasterb: Exit-Code: 0
[22:22:13]  mrtz06: bei mir auch die ganze Ziet
[22:22:16]  mrtz06: zeit
[22:23:10]  maxmasterb: "Ein unerwartetes Problem ist aufgetreten und das Spiel ist abgestürzt. Wir entschuldigen uns für die Unannehmlichkeiten." - Was sie eigentlich sagen wollten: Fck dich, unser Spiel ist einfach scheiße programmiert, können wir ja nichts für.
[22:23:15]  mrtz06: wieder gecrasht
[22:23:37]  mrtz06: was eine Scheiße
[22:24:05]  mrtz06: jans ganzer Pc ist jetzt abgestürzt nicee
[22:24:05]  maxmasterb: Nach Landschaft wird geladen kommt direkt Spiel wird gespeichert und weg isses.
[22:24:21]  maxmasterb: wtf
[22:24:31]  mrtz06: niceeeee
[22:24:32]  maxmasterb: Was habe ich kaputt gemacht? LUL
[22:25:21]  mrtz06: jz stellt man sich natürlich die Frage woran hats gelegjen
[22:25:49]  maxmasterb: Aber woran hattes jelegen?
[22:26:03]  maxmasterb: Das fracht man sich immer.
[22:26:17]  mrtz06: woran hats jelegen
[22:26:20]  maxmasterb: Neeee
[22:26:31]  maxmasterb: Lügen darf man nicht sagen!
[22:26:49]  mrtz06: ja Minecraft brauch bei mir 10 min um zu starten
[22:27:31]  maxmasterb: Ich freue mich schon auf Hytale...
[22:28:19]  maxmasterb: Ich denke eher, dass es wenn dann andersrum ist.
[22:28:28]  mrtz06: crashhh
[22:28:32]  mrtz06: geil
[22:29:29]  maxmasterb: Spiel läuft smooth und Inhalte werden in Form von Mods richtig krass kommen.
[22:29:49]  maxmasterb: Ich glaube mc hat sich für heute.
[22:30:01]  baumschulstuhl: rip der server
[22:30:03]  maxmasterb: GIDF
[22:30:25]  maxmasterb: Ich habe ihn kaputt gemacht. D:
[22:31:02]  maxmasterb: Kann es sein, dass er zu viel Daten laden musste?
[22:31:49]  lillyisthier: in der server liste ist er normal angezeigt
[22:32:09]  lillyisthier: also für dich ist viel weg und für mich alle
[22:32:19]  lillyisthier: alles
[22:32:32]  mrtz06: woran könnts denn liegen  müsste man halt echt überlege
[22:32:33]  mrtz06: b
[22:32:35]  mrtz06: n
[22:32:44]  maxmasterb: Ich habe auf jeden Fall viel Strecke zurück gelegt, bis der Absturz kam.
[22:32:46]  lillyisthier: wenn du die alte welt lädtst
[22:33:21]  mrtz06: probiere jetzt erstmal ob ich mit dem Mc in ne normale Welt rein komme
[22:33:36]  mrtz06: ja junge will das der server länger online ist
[22:34:08]  mrtz06: das probier ich jetzt
[22:34:33]  maxmasterb: Ab 25. können wir alle zusammen theHunter spielen. O:
[22:36:02]  maxmasterb: Könnte es sein, dass sich irgendetwas in der Welt verändert hat, deswegen ist der Wert bei allen anders und alle kommen nicht mehr auf die Welt?
[22:36:56]  mrtz06: single player geht auf jeden fall
[22:37:06]  mrtz06: könnte Steve da helfen?
[22:37:17]  mrtz06: der kennt sich da ja nochmal mehr aus
[22:37:23]  maxmasterb: Einem Mojang-Mitarbeiter ist sein Teller mit Spaghetti Carbonara runter gefallen. Das ist der Grund.
[22:37:31]  lillyisthier: kannst du es für heute nicht sein lassen und morgen noch mal versuchen und wenn es dann nicht geht alte welt laden?
[22:37:34]  maxmasterb: Habs gerade rausgefunden. ;D
[22:37:57]  maxmasterb: Hallo @lillyisthier
[22:38:46]  baumschulstuhl: metagaming
[22:38:55]  baumschulstuhl: so nich
[22:39:16]  mrtz06: also wärs okay für dich das wenn der progress von heute jezt wirklich weg ist man die Zeit nachholt
[22:39:47]  maxmasterb: Also ne SP Welt geht auf jeden Fall.
[22:40:03]  mrtz06: ja hab auch schon gesehen
[22:41:24]  mrtz06: sonst wähl den text zum lesen aus
[22:41:30]  mrtz06: also markier
[22:41:36]  mrtz06: das er grün hinterlegt ist
[22:41:41]  maxmasterb: Wie wäre es mit dunkelgrau als Hintergrund?
[22:46:33]  fabxx45: ´geiles mc
[22:47:28]  maxmasterb: Wie die Musik auch gerade so richtg zum Stream pass... xD
[22:47:31]  maxmasterb: t
[22:50:06]  otp_elias: ok werbung geht mir auf die nerven tschuss
[22:51:01]  lillyisthier: ich hab negativen bock neu zu spielen
[22:51:18]  otp_elias: Weiß ich nicht
[22:51:29]  otp_elias: Aber was geht hier ab gerade
[22:51:54]  mrtz06: es geht
[22:51:58]  mrtz06: JAAQAAAA
[22:52:02]  mrtz06: du bsit king
[22:52:48]  otp_elias: Ich bin gerade nicht in Minecraft laune
[22:55:46]  otp_elias: "MeTa"
[22:55:50]  otp_elias: hust hust
# Start logging at 2021-11-19 22:58:18 Mitteleuropäische Zeit
[22:58:18] connected
[22:58:23] j0nas500 is live!
[22:59:24]  fabxx45: lass mich schnell downloaden
[23:00:11]  otp_elias: Crab Games oder dieser Squid game abklatsch ?
[23:01:10]  otp_elias: Weil Crab Game dieses Squid Game kack is voll mit "Scheiß Ni**" oder "Heil *****"
[23:01:18]  otp_elias: Also der Sprach chat
[23:02:10]  fabxx45: jonas soll ich wohin
[23:04:30]  otp_elias: Boar
[23:04:34]  otp_elias: Double Minecraft
[23:05:34]  otp_elias: So ich bin erstmal was spielen ^^
[23:05:56] Updated game to Crab Cakes Rescue
[23:06:30]  mrtz06: kann der server 1h länger on bleiben heute? versuche seit 22h zu joinen und das wär ja 1h
[23:06:35] Updated game to Crab Game
[23:06:55] Updated title to Content Update 2 | !code
[23:07:21]  j0nas500: !code
[23:07:21]  j0nas500: Crab Games Code: No variable found
[23:07:37]  j0nas500: !setcode moin
[23:07:37]  j0nas500: Neuer Code: moin
[23:07:39]  j0nas500: !code
[23:07:39]  j0nas500: Crab Games Code: moin
[23:08:35]  mrtz06: kann der server 1h länger on bleiben heute? versuche seit 22h zu joinen und das wär ja 1h
[23:08:51]  mrtz06: eoy
[23:09:04]  j0nas500: !setcode 109775240996521762
[23:09:05]  j0nas500: Neuer Code: 109775240996521762
[23:24:56]  justsaruman: schönen guten Tag
[23:25:26]  justsaruman: mh, eher nicht hab nicht so viel Energie  mehr übrig heute
[23:26:08]  j0nas500: !setcode 109775240996501607
[23:26:08]  j0nas500: Neuer Code: 109775240996501607
[23:44:43]  henne_btw: hahahaaah
[23:54:41] Now hosting Craki15.
[23:55:07] j0nas500 is now offline.
