# Start logging at 2021-11-12 12:07:30 Mitteleuropäische Zeit
[12:07:30] connected
[12:08:07]  j0nas500: !kcreset
[12:08:09]  j0nas500: Kruiz Control Initialized
[12:09:34] Updated title to Schaffen wir es endlich das Gebäude fertigzustellen? | !mitspielen
[12:09:38] Updated game to Minecraft
[12:09:40]  j0nas500: !kcreset
[12:09:43]  j0nas500: Kruiz Control Initialized
[12:10:26] j0nas500 redeemed Trink Wasser 200
[12:10:28] j0nas500 is live!
[12:11:16]  otp_elias: Jz schon minecraft ????
[12:11:33]  otp_elias: Bitte nicht ich möchte mich doch noch auf meine Jahesarbeit konzentrieren
[12:11:39]  otp_elias: Jahresarbeit*
[12:11:44]  j0nas500: Sadge
[12:11:55] AutoMod: Held a message for reason: swearing level 1. Allow will post it in chat. Allow Deny
[12:11:55] otp_elias: fuck man
[12:12:02]  otp_elias: ur burning my ass
[12:12:11] Failed to allow AutoMod message - message has already been processed.
[12:12:26]  otp_elias: U set my ass on fire
[12:12:36]  otp_elias: thats even NOT FAIR THAT U PLAY RN
[12:13:57]  otp_elias: Ich muss doch Jahresarbeit bis 16Uhr bisschen weiter geschrieben haben...
[12:16:17]  otp_elias: Why u start playin rn ?
[12:16:40]  otp_elias: Isnt the official start at 4pm or 5pm ?
[12:17:06]  lillyisthier: muss ich mir echt Minecraft hohlen wenn ich wieder mit dir Spielen will?
[12:17:24]  otp_elias: Je u need minecraft
[12:17:25]  lillyisthier: BibleThump
[12:17:36]  otp_elias: When tf joined Vorvus ?
[12:18:14]  otp_elias: J0
[12:18:56]  otp_elias: ich komme jz aufm Minecraft server um bis 13.30 zu zocken. Kannst du mich denn kicken ? damit ich auch noch bisschen Schreibe
[12:19:06]  otp_elias: für die piss arbet
[12:21:05]  lillyisthier: ich hab kein Minecraft mehr gespielt seit es noch Noche gehört hatte
[12:21:16]  otp_elias: Hast du schon was gegessen ?
[12:21:34]  otp_elias: Gib mal empfehlung fürn frühstück
[12:21:39]  otp_elias: will hier nicht verhungern
[12:23:58]  otp_elias: Man konnte den vampir doch töten
[12:24:01]  otp_elias: hm
[12:26:23]  majorurke: Jo
[12:26:55]  majorurke: Ja, wollte mal kurz vorbeischauen. Auch wenn ich nicht viel Zeit hab
[12:27:13]  majorurke: Eher 2. Aber ja
[12:27:47]  majorurke: Hab nicht so viel Zeit. Hab halt schon was geplant heute
[12:28:40]  majorurke: Und? Wie läuft der Server?
[12:30:08]  majorurke: Lohnt sich das überhaupt noch da jetzt einzusteigen? Bej dem Vorsprung den ihr habt mein ich
[12:30:45]  otp_elias: Sind höchstens 3 die strong sind ..
[12:30:54]  otp_elias: Der rest sind nicht soweit ^^
[12:31:10]  majorurke: Ja, dann guck ich mal, ob ich mich da heute anmelde. Kommt dann drauf an, wie viel Bock und Zeit ich finde
[12:31:44]  majorurke: Hab ich nicht gesagt. Es kann nur sein, dass ich gerade keine Lust auf RP hab
[12:32:04]  lillyisthier: warum ist das wichtig ob man Vorsprung hat
[12:32:48]  majorurke: @lillyisthier grundsätzlich ist das nicht wichtig. Aber ich spiele halt gerne aggressiv
[12:32:57]  lillyisthier: oder bringt ihr euch gegenseitig um
[12:33:14]  lillyisthier: PvP sucks
[12:35:27]  lillyisthier: oof dann muß ich mich ja schnell entscheiden ob ich spielen wollen würde
[12:36:19]  majorurke: Ich mach mich dann mal auf den Weg. Du wirst dann noch von mir hören
[12:36:40]  lillyisthier: ich bin auch ein über noob also gute kombie
[12:37:06]  lillyisthier: übelster
[12:37:12]  lillyisthier: Worte schwer
[12:37:19]  otp_elias: @lillyisthier Is doch egal ^^ müsstest dir ja nur eine rolle aussuchen die du roleplayn willst ^^
[12:37:21]  mmmmatheo: Want to become famous? Buy followers  and viewers on  bigfollows .com
[12:37:31]  otp_elias: @mmmmatheo Man no
[12:37:52] 
[12:37:52] The message from mmmmatheo is now deleted.
[12:37:52] 
[12:41:36]  lillyisthier: was für Rollen gibt es eigentlich?
[12:42:21]  otp_elias: Hast du bambus ?????
[12:43:58]  lillyisthier: das ist ja kompliziert
[12:45:26]  lillyisthier: Preis Frage würde mein Laptop das überhaupt alles schaffen
[12:48:27]  lillyisthier: du könntest doch einfach nur die netten Bäume Pflanzen die nicht so riesig werden
[12:49:03]  lillyisthier: nicht?
[12:49:14]  lillyisthier: was ein scheiß
[12:50:41]  lillyisthier: kann man die überdachen bis zu einem gewissen Maß damit sie nicht riesig werden können
[12:51:11]  otp_elias: überdachen bringt nichts.
[12:51:32]  otp_elias: die wachsen durch bzw ersetzen sie durch die blätter so war meine erfahrung
[12:52:10]  otp_elias: es laggt teilweise lol
[12:53:23]  lillyisthier: links
[12:54:50]  lillyisthier: kein Chance
[12:58:58]  lillyisthier: kann man Fackeln nicht im Inventar bauen?
[13:01:40]  lillyisthier: ich muss jetzt Weg schönes Wochenende
[13:02:19]  lillyisthier: er klingt echt gelegt
[13:03:19]  lillyisthier: egal bey. wollte sowieso weg
[13:05:42]  mrtz06: läuft mc schon?
[13:07:21]  mrtz06: rp master
[13:08:31]  mrtz06: Könntest du mir, wenn du gleich irgendwie Zeit hast bisschen beim Mods installieren helfen
[13:10:06] mrtz06 redeemed Jesus, oh oh eh oh 300
[13:12:14]  mrtz06: ja hab keine Ahnung wie ich/was ich jetzt installieren soll weil da wurde ja von der Anfangsmessage her noch einiges geändert oder nicht
[13:12:18] mrtz06 redeemed Putinwalk 150
[13:12:43] mrtz06 redeemed Mein Name 150
[13:12:56]  otp_elias: Nein wurde nicht
[13:13:24]  mrtz06: stark
[13:15:57]  mrtz06: guck mal dc
[13:23:26]  otp_elias: Is ELO eig auch im projekt ß
[13:25:55]  otp_elias: Was heißtn dat jt
[13:26:19]  otp_elias: xD
[13:26:42]  otp_elias: Glück heißt du kannst teilweise mehr und doppelt und dreifach bekommst
[13:35:30]  justsaruman: guten Tag miteinander
[13:36:26]  justsaruman: heute schön verschlafen, sodass ich nicht mehr zur Schule gegangen bin, deswegen heute frei lol
[13:36:31]  justsaruman: catJAM
[13:47:57]  henner247: moin
[14:24:27]  otp_elias: J0
[14:24:54]  otp_elias: Du hast damals ja auch eine Jahresarbeit geschrieben wie viele Wörter waren minimum ?
[14:24:57]  otp_elias: bzw wie viele hattest du
[14:25:21]  otp_elias: Achso okk
[14:25:33]  otp_elias: Weil ich das gefühl habe das ich über 1k kommen werde
[14:26:47]  otp_elias: bin bei Seite 4 mit 600 Wörtern
[14:27:08]  otp_elias: Größe 12
[14:27:30]  otp_elias: Ja ich bin aber auch erst bei 2.2 und 2.3
[14:27:57] 8 raiders from DEANjpg have joined!
[14:27:57]  otp_elias: und denn kommt noch 3.1 , 3.2, 3.3 und 4.
[14:28:01]  j0nas500: Vielen Dank für den Raid mit 8 Zuschauern. DEANjpg hat zuletzt Dead Cells gestreamt. Schaut doch gerne auch mal bei @DEANjpg vorbei: https://twitch.tv/DEANjpg
[14:28:09]  erbauer14: moin
[14:28:35]  j0nas500: erbauer14 hat ein Follow dagelassen
[14:28:37]  otp_elias: als wenn ich schon wieder seit 30 min am schreiben bin LOL
[14:28:53]  majorurke: War viel zu stressig. Und ich war so nervös
[14:29:19]  otp_elias: ich komme gleich wieder drauf haha.
[14:29:26]  majorurke: Weil ich alleine was sagen musste... dauerhaft
[14:29:46]  majorurke: Und der mute button hat nicht funktioniert. Muss ich mich auch mal dransetzen
[14:30:15]  majorurke: Ne, nicht wirklich
[14:30:53]  annitheghost: Nächstes komm ich einfach dazu & rede mit @majorurke
[14:30:54]  majorurke: Dann viel Spaß euch noch. Ich bin dann für heute weg
[14:38:52]  otp_elias: Bring dich halt noch um
[14:39:33]  otp_elias: mach da oben das sie nach unten gucken
[14:40:28]  otp_elias: Is nice wenn da die Sonne durch strahlt
[14:42:54]  ilyrelaxo: hey :))
[14:49:27]  otp_elias: so hab mir denn mal frühstück gemacht
[14:59:05]  otp_elias: xD
[14:59:22]  otp_elias: Du musst dich oft auch sie setzen bis herzen kommen
[14:59:29]  otp_elias: du brauchst denen kein essen geben
[14:59:41]  otp_elias: die nehmen meist denn aber auch nur Äpfel
[14:59:45]  otp_elias: rechtsklick
[14:59:51]  otp_elias: MACH DIE KAROTTE WEG
[14:59:59]  otp_elias: KAROTTE WEG
[15:00:15]  otp_elias: und jz warten bis herzen kommen
[15:00:29]  otp_elias: xD
[15:00:33]  otp_elias: holt der sichn esel
[15:00:34]  otp_elias: i love it
[15:01:09]  otp_elias: ob du blind bist
[15:01:14]  otp_elias: links oben
[15:01:15]  otp_elias: sattel
[15:01:20]  otp_elias: rein ziehen
[15:01:43]  otp_elias: xD nin esel
[15:01:44]  otp_elias: geil
[15:01:58]  otp_elias: Geht nur auf pferden
[15:07:24]  otp_elias: Kannst du den shader wieder an mahcne
[15:30:43]  j0nas500: minderheitt hat ein Follow dagelassen
[15:32:53]  baumschulstuhl: sheesh jz musst du mich wegen metagaming bannen
[15:35:52]  otp_elias: Bin ja mal gespannt was pyro für ne rolle playn wird
[15:47:41]  otp_elias: slap ?
[15:47:48]  otp_elias: slab ?
[16:19:57]  quamaniii: jojo
[16:20:06]  quamaniii: jonas der server ist on ja
[16:20:18]  otp_elias: Man kann wenn man joint und diese message da ist kann man einfach esc drücken
[16:20:23]  otp_elias: Hi mani
[16:20:28]  quamaniii: ok muss noch kurz die mods runterladen
[16:20:32]  quamaniii: hii
[16:38:16]  otp_elias: Keine Cam mehr ?
[16:47:39]  quamaniii: jonas die mods
[16:47:54]  quamaniii: bei mir steht die sind out of date oder nicht aufm server
[16:48:27]  quamaniii: aber ich habe auch einen bug das ich mein inventar durchgehend sehe
[16:48:46]  quamaniii: ah ok danke
[16:49:41]  otp_elias: Iwie
[16:50:03]  otp_elias: hat das game noch weniger physik als orher
[16:50:09]  otp_elias: vorher*
[16:50:52]  quamaniii: wie kann ich das machen das es unten links in der ecke ist
[16:53:46]  quamaniii: ah ok danke
[17:14:01]  herr_elo: bei mir steht ich bin nicht gewhitelisted wenn ich joinen will
[17:14:07]  akaufy: hi
[17:15:41]  henner247: Jonas
[17:15:58]  henner247: meine mods sind komplett verbuggt :( wenn ich auf den server joine
[17:16:29]  henner247: irgendwie funktioniert nichts richtig
[17:16:41]  henner247: wenn ich zb V drücke geht das inventar auf
[17:17:03]  henner247: und diese items, die bei dir unten rechts sind, sind bei mir alle genau in der mitte vom bild
[17:17:58]  otp_elias: @henner247 Das ist weil du nin Crafting Table im inv hast
[17:18:24]  henner247: ok ich guck mal
[17:25:38]  otp_elias: bei dir regnets ? ??
[17:25:39]  otp_elias: lol
[17:26:00]  otp_elias: Ah jz bei mir auch
[17:38:42]  otp_elias: So bin mal pizza essen ^^
[17:51:01]  justsaruman: guten Abend, bin mal wieder da
[17:58:08]  otp_elias: Nein
[17:58:10]  otp_elias: kannst du nicht
