# Start logging at 2021-11-10 11:05:29 Mitteleuropäische Zeit
[11:05:29] connected
[11:05:33]  j0nas500: !kcreset
[11:05:36]  j0nas500: Kruiz Control Initialized
[11:06:29]  j0nas500: !kcreset
[11:06:31]  j0nas500: Kruiz Control Initialized
[11:08:22]  j0nas500: !stop
[11:08:54]  j0nas500: !stop
[11:09:58]  j0nas500: !pa 30
[11:10:13]  j0nas500: Delaying 30 seconds.
# Start logging at 2021-11-10 14:16:19 Mitteleuropäische Zeit
[14:16:19] connected
[14:16:30]  j0nas500: Kruiz Control Initialized
[14:16:41]  j0nas500: !kcreset
[14:16:44]  j0nas500: Kruiz Control Initialized
[14:17:22] Updated title to Ich will mit Shader spielen können | Teststream | !mitmachen
[14:17:32] Updated game to Minecraft
[14:19:04]  j0nas500: !kcreset
[14:19:06]  j0nas500: Kruiz Control Initialized
[14:23:17] j0nas500 is live!
[14:59:36]  lawezz: boote reete ist bad af
[14:59:47]  lawezz: maybe schlechtestes food in ganz mc xD
[15:00:13]  lawezz: ja verbrenn den scheiß
[15:00:39]  lawezz: das einzige wofür das nützlich ist ist roter farb stoff
[15:01:32]  lawezz: süß beeren waren auch ohne better end sooo shit
[15:01:39]  lawezz: zum defenden kann man die usen
[15:01:59]  j0nas500: Kev007HD hat ein Follow dagelassen
[15:02:02] kev007hd redeemed Jesus, oh oh eh oh 300
[15:02:05]  lawezz: ja die machen jqa dmg beim durchlaufen
[15:02:20]  lawezz: oh eh oh JESUS
[15:02:25]  lawezz: du bist wunder bar
[15:02:55]  lawezz: lalalalalalala lalallalalal gott du bist so gut
[15:03:08]  lawezz: das wird wieder nh religion 101 clip
[15:03:44]  lawezz: ich guck für dich nach meinem und dann schmeiß ich den stream an
[15:04:15]  lawezz: Sildurs Vibrant nutze ich
[15:04:36]  lawezz: oak holz ist baba
[15:04:56]  lawezz: ah ok
[15:05:04]  lawezz: sildurs ist Pog
[15:05:19] lawezz redeemed Computer sperren 9500
[15:05:34]  lawezz: KEKW
[15:06:22]  lawezz: https://clips.twitch.tv/FurtiveSuaveNarwhalSmoocherZ-QC891zjyxG_bbbzE
[15:06:54]  lawezz: naja ich mach mal nh haide yallah
[15:07:43]  lawezz: das hast du gesagt nicht ich xD
[15:08:03]  lawezz: @everyone kommt alle zu mir in stream Kappa
[15:08:12]  lawezz: naja ich bin mal weg
[15:14:09]  otp_elias: ok
[15:14:22]  otp_elias: server on ???
[15:14:35]  otp_elias: achsoo
[15:16:30]  pizzaman_steve: es geht weiter?
[15:17:29]  otp_elias: er fördert sich einfach
[15:17:30]  otp_elias: man man
[15:17:47]  pizzaman_steve: ja der typ sieht sich selber als was besseres
[15:18:00]  pizzaman_steve: der kann ja spielen und wir ja nich
[15:18:16]  otp_elias: true
[15:19:03]  pizzaman_steve: is gut jetzt jonas
[15:19:04]  otp_elias: karotten müssen wachsen
[15:19:16]  otp_elias: wnen du was orangenes siehst erst abbauen
[15:19:50]  otp_elias: zum glück hat craki mich informiert übern stream
[15:19:58]  otp_elias: also crakis stream
[15:20:01]  otp_elias: channel*
[15:20:07] Now hosting Lawezz.
[15:21:17] j0nas500 is now offline.
[15:23:51] lawezz has gone offline. Exiting host mode.
[15:59:34]  j0nas500: !kcreset
[15:59:37]  j0nas500: Kruiz Control Initialized
[16:00:59]  j0nas500: !kcreset
[16:01:02]  j0nas500: Kruiz Control Initialized
[16:36:18]  j0nas500: Kruiz Control Initialized
[16:41:47]  j0nas500: !spenden
[16:42:06]  j0nas500: Kruiz Control Initialized
[16:42:07]  j0nas500: !spenden
[16:42:07]  j0nas500: Du kannst mir hier ein bisschen Kleingeld dalassen: https://liberapay.com/j0nas500/ Vielen vielen Dank an jeden einzelnen <3
[16:42:08]  j0nas500: Liberapay ist eine Plattform bei der dein Geld auch zu 100% ankommt. Leider ist es nicht möglich einen Alert einzurichten, solltest du ein bisschen Kleingeld dagelassen haben. Daher melde dich ruhig, damit ich mich bei dir bedanken kann.
# Start logging at 2021-11-10 19:23:44 Mitteleuropäische Zeit
[19:23:44] connected
