# Start logging at 2021-12-04 00:00:59 Mitteleuropäische Zeit
[00:00:59]  lillyisthier: mach A auf 99
[00:00:59] Samstag, 4. Dezember 2021
[00:01:15]  lillyisthier: dann kannst du den links pfeil unten rechts einsetzen
[00:03:42]  lillyisthier: was passiert wenn du den unten pfeil da unten läst wenn es durch läuft
[00:04:41]  lillyisthier: was wenn du die zwei portale da hin setzt
[00:04:48]  lillyisthier: eins oben eins unten
[00:05:26]  lillyisthier: genau so bald du in der schleife drin bist auf den modus
[00:08:33]  lillyisthier: warum ist der da geld
[00:08:40]  lillyisthier: gelb
[00:10:59]  lillyisthier: mach sie weg mit dem laiser
[00:11:23]  lillyisthier: du idiot du
[00:12:13]  lillyisthier: alle stellen roten symbolen müssen kaput
[00:13:05]  lillyisthier: aufs untere
[00:13:31]  lillyisthier: drei zwei oben einen unten
[00:19:58]  lillyisthier: ist das nicht genau das was du auf creepe auch schon gemmacht hast
[00:22:07]  lillyisthier: warum spielst du eigentlich immer horror
[00:26:10]  tsd_pyro: JONAS
[00:28:50]  tsd_pyro: heute noch R6?
[00:29:11]  tsd_pyro: sad
[00:29:40]  tsd_pyro: j0nas5Wtf j0nas5Wtf myunLost myunCry
[00:31:35]  lillyisthier: wie lang ist das spiel
[00:34:23]  lillyisthier: bist in einen zaun gelaufen
[00:34:50]  lillyisthier: ne du bist einfach nur schlecht
[00:36:45]  tsd_pyro: Gute Nacht J0 gehe schlafen spiele morgen mal r6 wen du lust hast kannst mir bescheid geben. Und auch gute nacht an den chat ^^
[00:47:40]  lillyisthier: was ein dreck
[00:49:37]  lillyisthier: mach mal schneller ich will ins bett gehen
[00:55:03]  lillyisthier: hättest pony sagen sollen
[00:55:48]  lillyisthier: weiß ich nicht
[00:57:55]  lillyisthier: pony
[00:59:04]  lillyisthier: asmodeus.exe??
[01:00:39]  lillyisthier: boy
[01:00:54]  lillyisthier: schnell überall auser im kopf
[01:01:20]  lillyisthier: 2023
[01:03:18]  lillyisthier: dann ist es ganzsicher noch nicht vorbei
[01:07:58]  lillyisthier: er ist im hintergrund
[01:11:47]  lillyisthier: das heißt ich kann jetzt ins bett?
[01:14:28]  lillyisthier: gute nacht
[01:16:46] j0nas500 is now offline.
[02:19:37] Now hosting Lawezz.
# Start logging at 2021-12-04 12:22:13 Mitteleuropäische Zeit
[12:22:13] connected
[12:22:13] Now hosting Lawezz.
[15:02:45] Now hosting GRONKH.
5:02:40 Mitteleuropäische Zeit
[15:02:40] connected
[15:02:41] Now hosting Lawezz.
[15:02:45] Now hosting GRONKH.
# Start logging at 2021-12-04 15:39:02 Mitteleuropäische Zeit
[15:39:02] connected
[15:39:03] Now hosting GRONKH.
# Start logging at 2021-12-04 15:50:18 Mitteleuropäische Zeit
[15:50:18] connected
[15:50:19] Now hosting GRONKH.
[16:23:55]  j0nas500: Kruiz Control Initialized
[16:24:47]  j0nas500: !setThumbID
[16:24:47]  j0nas500: Neuer Wert: 0
[16:31:25] Exited host mode.
[16:32:17] j0nas500 is live!
[16:36:02] tsd_pyro redeemed Jesus, oh oh eh oh 300
[16:36:29] tsd_pyro redeemed Mein Name 150
[16:37:14] tsd_pyro redeemed Putinwalk 150
[16:40:59] otp_elias redeemed OOF 100
[16:41:12] otp_elias redeemed Trink Wasser 200
[16:46:34]  lillyisthier: drück mal all die pflanzen an die sehen wie der rosmarie aus
[16:47:42]  fabxx45: j0
[16:48:01]  fabxx45: wenn der stream laggt aber das game von dir selbst aus nicht liegt es ja an obs oder?
[16:48:47]  lillyisthier: klick mal auf die komode
[16:50:41]  lillyisthier: ne da musst du ne dritte motte ran tun
[16:51:57]  lillyisthier: hast du die fenster versucht
[16:53:47]  lillyisthier: versuch den eimer noch mal an der winde an beiden seill enden
[16:54:12]  fabxx45: j0 ich brauch deine hilfe er hat eine 250k leitung und trotz 2500 bitrate laggt es
[16:54:20]  fabxx45: und die pc teile sind auch nicht schlecht
[16:55:07]  lillyisthier: schmetterling zu den anderen und dann die wand mit dem schmetterling muster abzählen
[16:55:46]  lillyisthier: anklicken so offt sie im anderen muster sind
[16:56:27]  lillyisthier: das andere schmetterlings muster ert abzählen
[16:56:35]  henner247: das bild im anderen raum
[16:56:43]  lillyisthier: achte auf die form
[16:56:51]  fabxx45: überfordert?
[16:57:15]  lillyisthier: die spiegeln die die du anklicken kannst
[16:57:16]  henner247: du musst die in der reihenfolge anklicken
[16:57:20]  henner247: wie auf dem bild
[16:57:38]  lillyisthier: und jetzt so oft ankliken wie sie da
[16:57:47]  fabxx45: lang hoden?
[16:58:22]  lillyisthier: pfllanze den samen
[16:58:25]  fabxx45: du bist auch ein hoden
[16:58:40]  henner247: jonas scheitert am grundschul rätsel LUL
[16:58:53]  lillyisthier: warte
[16:59:02]  lillyisthier: klick noch mal auf den plan
[16:59:32]  fabxx45: ich bin mal r6 j0
[16:59:33]  fabxx45: hau rein
[16:59:37]  fabxx45: !lurk
[16:59:37]  j0nas500: @fabxx45 geht jetzt frecherweise in den Lurk monkaX Vielen Dank peepoLove
[16:59:41]  lillyisthier: hotel plan und da auf die niete die sie an der wand hält
[17:00:43]  lillyisthier: kannst du die lampe neben dem samen anzuzünden
[17:03:14]  lillyisthier: ja
[17:03:28] cxrynx_ redeemed OOF 100
[17:03:45]  lillyisthier: drei idiot
[17:03:57]  lillyisthier: 3+1 glich 4
[17:04:10]  lillyisthier: links gleich rechts
[17:04:54]  lillyisthier: es gibt auch nur 3
[17:05:53]  henner247: juckt ihn einfach auch gar nicht
[17:05:56]  lillyisthier: kannst du wasser in die drei flaschen tun?
[17:05:58]  henner247: dass du ihn angeschlitzt hast
[17:06:31]  lillyisthier: versuch wasser
[17:06:54]  lillyisthier: in den drei flaschen mit zehen
[17:07:11]  lillyisthier: zahlen
[17:07:26]  lillyisthier: links daneben
[17:08:38]  lillyisthier: mach 1 in  6
[17:08:51]  lillyisthier: wenn 10 auf 10 ist
[17:10:21]  lillyisthier: füll die 6 auf dann und tue dan in 5
[17:10:54]  lillyisthier: dann tue den 1 in die 5
[17:11:12]  lillyisthier: in dem du 10 voll machst
[17:12:06]  lillyisthier: nein
[17:13:29] lillyisthier redeemed OOF 100
[17:14:55]  lillyisthier: 5 in 10 dann 2 in 5
[17:15:16]  lillyisthier: dann 6 in 6
[17:16:22]  lillyisthier: 5 in5
[17:16:27]  lillyisthier: und die 5 in 10
[17:19:30]  lillyisthier: du brauchst alle 5 schlüssel
[17:22:01]  lillyisthier: kannst du die reinfolge selber wählen
[17:22:14]  lillyisthier: in welchen du die killst
[17:23:44]  lillyisthier: leg ihn aufs sanwitch
[17:24:15]  lillyisthier: lol
[17:24:31] cxrynx_ redeemed OOF 100
[17:24:43] cxrynx_ redeemed Trink Wasser 200
[17:25:58]  lillyisthier: balu klatscht 2 mal wie oft klatschen die anderen
[17:26:48]  lillyisthier: kannst du ihm die pfeife geben
[17:27:29]  lillyisthier: musst in reinfolge anklicken
[17:28:22]  lillyisthier: mach erst mal das mit der pfeife
[17:31:12]  lillyisthier: kannst du dangib ihn erst das sandwitch
[17:32:18]  lillyisthier: gib ihm das klopapier
[17:32:47]  lillyisthier: ohhhh
[17:33:20]  lillyisthier: mach ihm das gleiche sandwitch zwinge ihn auf die toilete und wenn er weg ist mach die todes falle fertig
[17:34:08]  lillyisthier: haben wir die streichhölter schon verwendet?
[17:35:14]  lillyisthier: oof
[17:35:22]  henner247: wtf
[17:35:27] lillyisthier redeemed OOF 100
[17:37:15]  lillyisthier: wie oft er klatscht sagt die die nächste position
[17:38:44]  lillyisthier: du idot
[17:39:32]  lillyisthier: jetzt muss er weg
[17:40:35]  lillyisthier: schneid es ab
[17:42:00]  lillyisthier: denn krigst du nur wen sie tot ist
[17:42:24]  lillyisthier: also ist die reinfolge in der du sie killst wichtig
[17:42:50]  lillyisthier: ist ja kein 100% run
[17:43:21]  lillyisthier: eine zutat aus der lobie und die andere aus dem simmer des opfers
[17:45:17]  lillyisthier: da ist ein blatt oben dran
[17:45:35]  lillyisthier: an der uhr
[17:46:09]  lillyisthier: da musst du eine melodie eistellen
[17:46:45]  lillyisthier: du hast sie ja noch nicht
[17:47:54]  lillyisthier: entwicklerflüssig keit wie in fotoentwicklung
[17:48:48]  lillyisthier: du must alle drei muster einstellen owl, crwo, lady in blue und dann musst du alle drei fotos aufhängen
[17:49:29]  lillyisthier: musst du anmahlen
[17:50:47]  lillyisthier: stell die zeit von der einladung ein
[17:51:41]  lillyisthier: warum steht da 8 august aber es übersetzt 6
[17:52:02]  lillyisthier: pinsel
[17:52:16]  lillyisthier: male jetzt das muster auf die lein wand hinter sie
[17:53:25]  lillyisthier: auf dem kreutz sind symbole
[17:53:43]  lillyisthier: die platte hast du nicht rein getan
[17:54:44]  lillyisthier: kannst du ihr die lupe geben
[17:55:54]  lillyisthier: kannst du den puppen die lupe geben
[17:57:08]  lillyisthier: die puppen
[17:57:14]  lillyisthier: klein für die puppen
[17:57:55] henner247 redeemed Putinwalk 150
[17:58:24]  lillyisthier: gib dem kasper die achs
[17:58:55]  henner247: Lilly spielt das game alleine durch Kappa
[17:58:59]  lillyisthier: alles was klein ist gehört den puppen
[17:59:43]  lillyisthier: du bist hoffnungslos ohne mich
[18:00:18]  lillyisthier: achte auf die kästchen
[18:01:23]  lillyisthier: da ist ein punk muster auf der veste
[18:01:27]  lillyisthier: nimm die lupe
[18:01:46]  lillyisthier: und dann die punkte auf das musik blatt
[18:03:50] henner247 redeemed OOF 100
[18:04:19] henner247 redeemed Trink Wasser 200
[18:05:02]  lillyisthier: vermutlich aber beimersten ersten rosmarien war im zimmer
[18:05:42]  lillyisthier: erste zutat in der loby zweite optional im zimmer
[18:06:42]  henner247: er trinkt einfach kein wasser
[18:06:47]  henner247: 200 punkte umsonst ausgegeben
[18:07:28] cxrynx_ redeemed Jesus, oh oh eh oh 300
[18:07:28]  henner247: das wollte ich sehen
[18:09:32]  lillyisthier: hast du schon alle Karten?
[18:09:58]  lillyisthier: da sind doch sechs Plätze
[18:11:37]  lillyisthier: du musst bestimmt Anzahl an Runden gewinnen
[18:13:13]  henner247: die symbole für 4 und 5 stehen auf dem einen bild in dem anderen raum
[18:13:24]  henner247: oder für das ass und die 5
[18:13:28]  lillyisthier: was war das Symbol vom Ass?
[18:14:53]  henner247: er ist der könifg
[18:14:54]  lillyisthier: eule
[18:14:58]  henner247: der eulentyp
[18:15:02]  lillyisthier: könig
[18:15:41]  henner247: er ist der könig!!!
[18:19:05]  lillyisthier: hast du am Bett schon was gemacht?
[18:19:37]  lillyisthier: kannst du den in die Spar Dose stecken?
[18:21:20]  lillyisthier: fail
[18:25:34]  lillyisthier: hinterm ramen
[18:28:10]  lillyisthier: mach das mal weiter bitte wie oft geht das?
[18:28:50]  lillyisthier: please
[18:29:24]  lillyisthier: hinterm Rahmen des Gehirn ist ein Papier!!!!!!!
[18:30:29]  lillyisthier: !!!!!!!!!!! ¡!!!!!! ¡¡¡
[18:31:46]  lillyisthier: bitte Taube schocken ich will wissen ob da noch was passiert
[18:32:50]  lillyisthier: warum hat oof ein einlösen limet?
[18:33:14]  lillyisthier: mach mal an und wieder aus und immer wieder 🙏
[18:34:39]  lillyisthier: ich hab da so ein Gefühl nicht aufhören da ist noch was weshalb das überhaupt geht
[18:37:59]  lillyisthier: joners
[18:38:37]  lillyisthier: bitte Tauben Qual
[18:40:39]  lillyisthier: da wäre aber die Zutat gewesen wenn du es oft genug gemacht hättest
[18:45:38]  lillyisthier: wann machst du omorie weiter?????
[18:47:29]  lillyisthier: es ist ne Rätsel Serie
[18:47:39]  lillyisthier: was erwartest du
[18:48:40] This channel is intended for mature audiences.
[18:48:40] This channel has follower or subscriber only chat.
[18:48:41]  lillyisthier: dann Spiel omori
[18:49:39] Now hosting GRONKH.
[18:50:17] j0nas500 is now offline.
