# Start logging at 2021-11-18 12:19:08 Mitteleuropäische Zeit
[12:19:08] connected
[13:30:18]  j0nas500: Kruiz Control Initialized
# Start logging at 2021-11-18 18:53:37 Mitteleuropäische Zeit
[18:53:37] disconnected
[18:53:39] disconnected
[18:58:49]  j0nas500: Kruiz Control Initialized
[19:05:24]  j0nas500: !kcreset
[19:05:27]  j0nas500: Kruiz Control Initialized
[19:06:31] j0nas500 is live!
[19:06:47] j0nas500 redeemed Trink Wasser 200
[19:16:05] The moderators of this channel are: creatisbot, justsaruman, karnickelchentv, nessie_2002, nightbot, streamelements
[19:16:09] nessie_2002 has been permanently banned. 
[19:16:09] nessie_2002 is now banned from this channel.
[19:16:18] nessie_2002 is no longer banned from this channel.
[19:16:18] j0nas500 unbanned nessie_2002 
[19:16:26] Unrecognized command: /moderator
[19:16:32] You have added nessie_2002 as a moderator of this channel.
# Start logging at 2021-11-18 19:22:51 Mitteleuropäische Zeit
[19:22:51] connected
[19:22:53] j0nas500 is live!
[19:23:08] tsd_pyro redeemed Mein Name 150
[19:24:28]  tsd_pyro: wie geht es dir ^^
[19:28:13]  justsaruman: hey hey einen wunderschönen Abend zusammen
[19:28:41] Updated game to Pummel Party
[19:30:30] cxrynx_ redeemed Jesus, oh oh eh oh 300
[19:30:44]  cxrynx_: es gibt ihn wieder
[19:30:52]  cxrynx_: ja sry
[19:31:20]  cxrynx_: ich hols mir noch
[19:31:43] cxrynx_ redeemed OOF 100
[19:31:50] cxrynx_ redeemed Putinwalk 150
[19:32:14]  cxrynx_: woher ist das den hahaha
[19:34:07]  cxrynx_: Jonas ich will nochmal jesus hören
[19:34:25]  justsaruman: Yay, ich könnt kotzen
[19:34:54]  justsaruman: Diese ganze Sache, es ist so absolut schlimm
[19:35:10]  justsaruman: Fuckin 2 Jahre schon
[19:35:20]  justsaruman: Oh sorry
[19:35:28]  justsaruman: ich zensier mich eben selbst
[19:35:45] 
[19:36:30]  justsaruman: Ahh warum kann ich mich nicht selbst timeouten
[19:37:55]  cxrynx_: oui oui baguette
[19:38:13]  cxrynx_: shalom
[19:38:15]  justsaruman: Hallo Bjarne
[19:38:44]  cxrynx_: PopCorn PopCorn PopCorn
[19:40:21]  nocho__: jaaa
[19:40:23]  nocho__: bin da
[19:40:37]  cxrynx_: mensch der lebt ja auch noch
[19:40:39]  nocho__: geht noch eion platz mehr?
[19:41:50]  cxrynx_: sag mal ist nocho krank
[19:41:52]  cxrynx_: ???
[19:41:56] cxrynx_ redeemed OOF 100
[19:42:39]  cxrynx_: ich will jesus hören
[19:42:45]  cxrynx_: hahahah
[19:44:21]  cxrynx_: Cooler Name
[19:44:26]  cxrynx_: hahaha
[19:45:51]  cxrynx_: mir egal wer gewinnt aber macht nocko fertig
[19:46:33]  cxrynx_: junge wat macht den der
[19:50:04]  cxrynx_: auch geil, lilly mag deinen namen immer noch am liebsten
[19:57:34]  cxrynx_: hhahaha
[20:29:18]  specialeeel: komme glaube doch net mehr mache grad mein prak bericht
[20:29:22]  specialeeel: sry
[21:32:56]  nocho__: TableHere FlipThis
[21:46:08]  nocho__: geiles spiel rofl, Stiel stapeln
[21:49:34] nocho__ redeemed OOF 100
[21:49:59] nocho__ redeemed Putinwalk 150
[21:50:19]  nocho__: KEKW
[21:50:37] nocho__ redeemed Jesus, oh oh eh oh 300
[21:53:43]  kingjulienkj: Hello
[21:53:51]  kingjulienkj: ShowLove1
[21:54:26]  kingjulienkj: adriyaSchwul adriyaHype
[21:54:37]  j0nas500: !kcreset
[21:54:41]  j0nas500: Kruiz Control Initialized
[21:55:13]  kingjulienkj: Kreuz Control initialized
[21:56:20]  kingjulienkj: Wer gewinnt?
[21:56:29]  kingjulienkj: Deine facecam verdeckt einwenig
[21:58:26]  kingjulienkj: Omg sie ist Bi adriyaSchwul
[21:59:03]  kingjulienkj: Man könnte
[21:59:42]  kingjulienkj: Aber es kann auch sein dass es zwei Boys sind kingju20Rawr
[22:00:28]  kingjulienkj: Zwei Frauen, have fun
[22:00:38]  kingjulienkj: karnic1Rage karnic1Rage karnic1Rage
[22:01:52]  kingjulienkj: Imagine 3 Frauen kingju20PogChamp
[22:02:17]  kingjulienkj: Imagine man ist selbst eine Frau
[22:08:32] Updated game to UNO
[22:08:53] Updated title to Der HASS beginnt
[22:10:41]  j0nas500: a
[22:41:36]  henner247: bestes game
[22:42:19]  henner247: war schon lustig :D
[22:43:10]  henner247: ich bin das von mario party schon gewohnt LUL
[22:43:48]  henner247: wollt ihr jetzt öfter pummel party zocken?
[22:47:04] henner247 subscribed at Tier 1. They've subscribed for 3 months, currently on a 3 month streak!
[22:49:05]  henner247: ja morgen abend bin ich dabei ^^
[22:49:57]  henner247: staddey valley Kappa
[22:50:48]  henner247: hentai girl bestes game
[22:51:07]  henner247: unter windows 10 läuft anno bei mir ganz gut
[22:51:30]  henner247: ich hab schon seit jahren kein ets mehr gezockt :D
[22:51:45]  henner247: in dbd bin ich richtig kacke ^^
[22:52:01]  henner247: ja im moment zock ich nicht so viel ^^
[22:52:59]  henner247: crush crush lief einfach immer nur im hintergrund :D
[22:53:18]  henner247: keine ahnung xD
[22:53:44]  henner247: tomb raider musst mal zocken
[22:54:40]  henner247: tomb raider hab ich an einem tag durchgespielt
[22:54:53]  henner247: also so 8-10 stunden braucht man für die story
[22:55:26]  henner247: hast du portal 2?
[22:55:43]  henner247: da hast aber was verpasst
[22:56:54]  henner247: hauptsache autobahn polizei simulator LUL
[22:58:33] Now hosting Axxtral.
[22:58:47] j0nas500 is now offline.
