# Start logging at 2021-09-30 19:27:57 Mitteleuropäische Sommerzeit
[19:27:57] connected
[19:37:55] j0nas500 is live!
[19:38:58]  annitheghost: Da habe ich jetzt gebraucht
[19:40:10]  kingjulienkj: Yoooo
[19:43:44]  annitheghost: Mir geht es SCHEIßE
[19:46:40]  annitheghost: Weil mir wieder alles zu viel wird & mein Freund nur verrückt spielt
[19:51:05]  tsd_pyro: sus
[19:51:31]  tsd_pyro: Ihr habt Swapper drin ekelhaft
[19:52:05]  henner247: was ist swapper?
[19:52:18]  annitheghost: Der kann die Stimmen tauschen
[19:52:35]  henner247: lol
[19:53:21]  henner247: also die votes?
[19:53:31]  annitheghost: Jaa
[19:53:42]  henner247: ahh
[19:54:46]  henner247: LUL
[19:54:57]  tsd_pyro: luriaeHype luriaeHype luriaeHype luriaeHype kllerW
[19:55:56]  tsd_pyro: was macht den Lilli bei dir kllerW
[19:58:00]  annitheghost: Ich bin wieder weg, muss mein Puls runter kriegen
[19:59:02]  henner247: lilly ist impostor
[19:59:27]  henner247: das sagt mir mein bauchgefühl
[20:00:17]  henner247: pommes haben vorrang
[20:07:22]  annitheghost: Mein Puls ist 130
[20:07:28]  annitheghost: Ist das sehr schlimm ?
[20:08:20]  jaypengi: 130 also
[20:08:27]  jaypengi: sagt man nicht 180...+
[20:08:35]  annitheghost: Ja
[20:08:50]  annitheghost: Nein mein Puls ist gerade da drauf
[20:09:01]  annitheghost: & das wird irgendwie nicht besser
[20:09:23]  annitheghost: Aber sonst ist der auf 80-90
[20:26:01]  henner247: anwesend
[20:26:07]  j0nas500: Auf diesem Discord Server quatschen und schreiben wir immer: https://jnkl.de/dc
[20:26:32]  henner247: ok ^^
[20:26:41]  lawezz: aleiele
[20:29:58]  henner247: ich hab davon gar keine ahnung sorry ^^ hab von diesem hub auch noch gar nichts gehört bis jetzt
[20:31:12]  henner247: lol krass
[20:45:27] Now hosting Lawezz.
[20:45:55] j0nas500 is now offline.
[21:36:46] lawezz has gone offline. Exiting host mode.
[21:38:59]  j0nas500: LawezzSerious
