# Start logging at 2021-09-25 20:20:28 Mitteleuropäische Sommerzeit
[20:20:28] connected
[20:41:56]  j0nas500: !commands
[20:41:56]  j0nas500: j0nas500 alle Befehle findest du hier: https://j0nas500.de/commands
# Start logging at 2021-09-25 23:14:17 Mitteleuropäische Sommerzeit
[23:14:17] connected
[23:14:18] j0nas500 is live!
[23:14:21]  j0nas500: a
[23:14:29] j0nas500 redeemed Trink Wasser 200
[23:20:32]  henner247: HeyGuys
[23:20:56]  henner247: beste uhrzeit zum streamen LUL
[23:21:30]  henner247: nice schön die puppe mund-zu-mund beatmen
[23:21:50]  henner247: schlafen ist immer ne gute idee
[23:23:02]  henner247: läuft
[23:24:06]  henner247: wenn man vom träumen dann einfach direkt wieder müde ist
[23:24:09]  henner247: schlimmste sache
[23:25:03]  henner247: bestes game
[23:25:11]  henner247: yess
[23:25:27]  henner247: also meins geht safe länger als 7 xD
[23:25:55]  henner247: ich hab halt letztes semester paar prüfungen geschoben
[23:27:00]  henner247: also man muss sich ja immer zu prüfungen anmelden, wenn man die ablegen möchte
[23:27:18]  henner247: und wenn man sich nicht anmeldet, kann man das halt in nem anderen semester machen
[23:28:02]  henner247: jein
[23:28:29]  henner247: ich glaube in der prüfungsordnung steht, dass man den erstversuch nur um 1 jahr schieben kann
[23:28:44]  henner247: aber für den zweit- und drittversuch gibt es das glaub ich nicht ^^
[23:28:56]  henner247: prüfungsordnung sollte man schon lesen
[23:29:38]  henner247: auf der website der hochschule findet man die ;D
[23:30:23]  henner247: najaa der mathevorkurs ist auch nicht so wichtig find ich
[23:30:28]  henner247: ist nur gut zum leute kennenlernen
[23:30:29]  j0nas500: Chatregeln: https://j0nas500.de/rules
[23:30:42]  henner247: https://www.hochschule-stralsund.de/smsb/
[23:31:23]  henner247: rip
[23:31:54]  henner247: bei studienorganisation
[23:32:50]  henner247: du darfst einfach nicht den handy browser benutzen ^^
[23:33:02]  henner247: ja das qis ist irgendwie neu gemacht oder so
[23:33:43]  henner247: nee nicht auf prüfungspläne
[23:33:49]  henner247: einfach auf Lese-FPO
[23:33:53]  henner247: oder Studienordnung
[23:35:29]  henner247: mathe 1 = probeklausur lernen und mit 4.0 bestehen
[23:36:38]  henner247: ja ^^
[23:37:23]  henner247: ja genau dass es kacke ist :D
[23:37:51]  henner247: die protokolle im labor sind halt richtig aufwendig
[23:37:56]  henner247: und kompliziert irgendwie
[23:38:07] otp_elias redeemed Trink Wasser 200
[23:38:09]  henner247: und die vorlesungen sind auch langweilis
[23:38:27]  henner247: also bestes fach LUL
[23:39:06]  henner247: kp hatte ja erst 2 semester ^^
[23:39:17]  henner247: kann sein dass man später auch noch sowas bei ihm hat
[23:39:46]  henner247: idk
[23:40:34]  henner247: ich weiß selber noch nicht was ich machen soll, also mich brauchst du da nicht fragen xD
[23:41:31]  henner247: viele machen das bestimmt in ihrem heimatort damit sie bei ihrer familie sein können das semester über
[23:41:55]  henner247: okay :D
[23:43:52]  otp_elias: opa opa ?
[23:44:04]  otp_elias: also opa hier ?
[23:45:29]  otp_elias: hattest du schon geantwortet ? also auf opa von hier wo wir sonntags sind oder deiner seits
[23:51:55]  henner247: gute wii mucke
[23:54:27]  henner247: wird schon gut gehen
[23:54:35]  henner247: ansonsten einfach anrufen
[23:55:46]  henner247: aus der nähe von schwerin ^^
[23:56:02]  henner247: ich hab ne kleine wohnung in stralsund
[23:56:03]  henner247: und du?
[23:56:09]  j0nas500: Folge mir auf Twitter: https://twitter.com/j0nas500
[23:56:30]  henner247: ah also ne WG
[23:56:58]  henner247: WG hatte ich auch mal aber war überhaupt nicht meins
[23:57:51]  henner247: ich hab einfach gemerkt dass ich sozial inkompetent bin LUL
[23:58:31]  otp_elias: wtf
[23:59:52]  henner247: ist halt bei jedem unterschiedlich ^^
