# Start logging at 2021-10-16 17:57:46 Mitteleuropäische Sommerzeit
[17:57:46] connected
[17:58:54] j0nas500 redeemed Trink Wasser 200
[17:59:02]  j0nas500: a
[17:59:15]  j0nas500: !rollen
[17:59:15]  j0nas500: Erklärungen zu den Rollen findest du hier: https://jnkl.de/rollen
[17:59:44] j0nas500 is live!
[20:19:35]  tsd_pyro: j0 mein hübscher ein wunderschönen Abend und warum letzte schmerzvolle Tag?
[20:19:55]  tsd_pyro: ok
[20:20:27]  tsd_pyro: wie heißt shi richtig ?
[20:20:36]  fabxx45: selber a
[20:20:38]  fabxx45: A MOMENT
[20:20:47]  tsd_pyro: ja der richtige name
[20:23:11]  fabxx45: basement moment
[20:24:22] AutoMod: Held a message for reason: sexwords level 1. Allow will post it in chat. Allow Deny
[20:24:22] fabxx45: boobs or ass
[20:24:34]  fabxx45: j0 schau mal automod
[20:24:47] j0nas500 added boobs as a permitted term on AutoMod.
[20:24:47] j0nas500 added ass as a permitted term on AutoMod.
[20:24:47]  fabxx45: boobs or ass
[20:24:47]  fabxx45: die frage ist wichtig
[20:24:54] Unrecognized command: /poll
[20:26:06]  fabxx45: frech
[20:27:17]  sarah_emerald_: Hi puschHi
[20:27:35]  fabxx45: einfach von deception outplayed
[20:27:43]  fabxx45: popCat
[20:36:52]  tsd_pyro: spirit
[20:37:34]  sarah_emerald_: Der mit der Tüte wäre lustig XD
[20:52:01]  tsd_pyro: kann man mitspielen ^^
[20:52:22]  tsd_pyro: oder net ?
[20:54:08]  tsd_pyro: also wen das cool ist ^^
[20:55:03]  tsd_pyro: okay dhaluCritical
[21:25:09]  lawezz: wieso letzter Tag?
[21:26:02]  lawezz: also quittest du dbd?
[21:26:15]  lawezz: imagine
[21:27:11]  lawezz: k :(
[21:27:40]  lawezz: doch k :(
[21:28:03]  lawezz: gaming in a nutshell
[21:28:16]  otp_elias: Boar krank mal keine werbung beim stream öffnen sheesh
[21:28:20]  lawezz: nein
[21:28:25]  j0nas500: Schau doch gerne mal bei unserer Community-Webseite vorbei :) https://mvbuddies.de
[21:28:40]  lawezz: ich spiele weil es mir spaß macht nicht wegen irgendeinem ziel
[21:28:55] otp_elias redeemed Trink Wasser 200
[21:28:59]  otp_elias: nich sterben
[21:29:00]  lawezz: bei mir sind 70% der Runden fun
[21:29:01]  otp_elias: hier wasser
[21:29:24]  lawezz: Ne muss man nicht
[21:29:36]  lawezz: ich muss nicht
[21:29:52]  lawezz: 1% wasser in diesem wasser Kappa
[21:30:27]  lawezz: wenn geh ich in den Lurk
[21:30:55]  lawezz: ich hör zu bin aber nicht anzusprechen
[21:31:42]  lawezz: ich bitte sie eine Ansprechung meinerseits zu unterlassen
[21:36:17]  fabxx45: dddddd
[21:45:44]  lawezz: falls der dich instant beleidigt
[21:46:06]  lawezz: oder du ihn kennst und er dich vorher beleidigt hat
[21:46:42]  lawezz: wäre POGGERS
[21:49:08]  lawezz: https://clips.twitch.tv/ProudInnocentFlyJKanStyle-yBP8EdiugGndDfoc
[21:49:21]  lawezz: smart j0
[21:50:07]  lawezz: weil starstruck im Terrorradius ist
[21:50:16]  lawezz: starstruck sind 30s...
[21:50:34]  lawezz: Starstruck sind 30s ab hook
[21:50:38]  lawezz: max 45s
[21:51:24]  lawezz: nix 60
[21:51:41]  lawezz: 30s + die maximalen 15s fürs strugglen
[21:51:51]  lawezz: 48 max wenn er iron grasp hat
[21:54:24]  lawezz: j0 er hat dir nh hit gegeben weil er gehofft hat das du down bist
[22:02:44]  lawezz: wait das ist der prince phillip has died song xD
[22:03:54]  lawezz: mitten in dem song kurz vor dem beatdrop hat nh englischer radiosender die zwischenmeldung das prince phillip gestorben ist gebracht xD
[22:04:12]  mondkind1431: hallu! was ist das denn für ein titel?
[22:04:37]  lawezz: t-t-t-
[22:05:33]  lawezz: j0 ich hab lauter docs heute
[22:06:25]  mondkind1431: das klingt fast so, als ob du nach heute nie wieder dbd spielen würdest
[22:06:35]  j0nas500: Auf diesem Discord Server quatschen und schreiben wir immer: https://jnkl.de/dc
[22:07:59]  lawezz: imagine trymacs 21k viewer bei fifa 22
[22:17:24]  mondkind1431: tyisches dbd gameplay
[22:17:25]  mondkind1431: -.-
[22:20:12]  lawezz: burn ihn Kappa
[22:22:01]  lawezz: pop statt noed
[22:22:14]  lawezz: nein
[22:22:17]  mondkind1431: du hast ja gar keine perks auf dem geist
[22:22:18]  lawezz: lass surge drin
[22:22:23]  lawezz: das is gut auf wraith
[22:22:46]  lawezz: imagine manche Killer brauchen Add Ons
[22:22:47]  cxrynx_: salue le baguette
[22:22:56]  lawezz: wie Pig trappi legion billy etc
[22:23:23]  mondkind1431: hi @cxrynx_
[22:23:48]  lawezz: wraith und langweilig ok
[22:24:04]  lawezz: ja ok
[22:24:13]  lawezz: aber der langweiligste is er nich
[22:24:18]  lawezz: spiel mal freddy
[22:24:40]  lawezz: wegen den offerings hab ich ihn gespielt
[22:24:40]  mondkind1431: was streamst du dann stattdessen?
[22:24:49]  lawezz: bps und so
[22:25:01]  cxrynx_: ohhh
[22:25:07]  cxrynx_: bin auch dabei
[22:25:17]  lawezz: Otori oder wie daas hieß ?
[22:25:27]  cxrynx_: meine was
[22:25:58]  lawezz: "aber das könntest du in soviele nice spiele stecken " KEKW
[22:35:57]  lawezz: jonas die nachricht ist legit 10 mins her
[22:38:09]  lawezz: j0 wolltest du nicht 22 uhr beenden?
[22:39:17]  lawezz: schso
[22:39:58]  lawezz: imagine außer pyro und jan luka einfach keinen mehr zum dbd spielen
[22:40:18]  lawezz: will mir eigentlich keine mates auf twitch suchen müssen
[22:40:25]  j0nas500: Chatregeln: https://j0nas500.de/rules
[22:41:50]  lawezz: j0 du solltest deinen pop schutz wieder drauf machen
[22:41:59]  lawezz: du übersteuerst sooo oft
[22:42:41]  lawezz: j0 bei jedem Wurf "das wär wild gewesen"
[22:44:00]  lawezz: KEKW
[22:44:23]  lawezz: ohh 1x kein "das wäre wild gewesen"
[22:47:55]  lawezz: dann burstet nicht jedes p mein ohr
[22:48:02]  lawezz: Mori Myers
[22:48:11]  lawezz: das add on ist absolut shit
[22:48:20]  lawezz: beim stalken läufst du nicht
[22:49:18]  lawezz: doch ich habs ja jz schon gehört
[22:49:27]  lawezz: lv michael was erwarte ich
[22:49:37]  lawezz: lv 7
[22:49:45]  lawezz: nimm die schieß 7 keyboard
[22:50:00]  lawezz: bist du lost?
[22:50:10]  lawezz: die 7 wurde nicht geschrieben
[22:50:27]  lawezz: imagine lvl
[22:50:47]  lawezz: so viel zum thema lost
[22:51:05]  lawezz: qwinge
[22:51:38]  lawezz: das sieht mir mega nach object aus j0
[22:52:09]  lawezz: weil woher soll das sonst kommen
[22:53:25]  lawezz: nein du kannst durch die einzelnen gras halme stalken
[22:54:14]  lawezz: da waren scratchmarks
[22:54:20]  lawezz: stark j0
[22:54:30]  lawezz: big value aus t3
[22:55:36]  lawezz: ja weil du die scratchmarks einfach ignorierst
[22:55:39]  lawezz: 5Head
[22:56:21]  lawezz: da waren aber eben welche
[22:56:29]  lawezz: im t3 davor
[22:56:43]  lawezz: du würdest das pov take oder so nennen
[22:57:16]  mondkind1431: ich habe immer probleme mit den scratch marks
[22:57:25]  j0nas500: Folge mir auf Twitter: https://twitter.com/j0nas500
[22:57:55]  lawezz: wofür brauchst du t3?
[22:58:02]  lawezz: du hast noed
[22:58:13]  mondkind1431: so, bin aber auch raus, wünsche dir noch viel erfolg
[22:58:33]  lawezz: sooo lsot j0
[22:58:43]  lawezz: sooooooooooooo lost
[22:58:56]  lawezz: aber t3 99
[22:59:18]  lawezz: naja bin auchmal raus
[22:59:23]  lawezz: siehst du eh erst in 10min
[23:06:25] Now hosting tapferes_toast.
[23:06:44] j0nas500 is now offline.
[23:08:16] tapferes_toast has gone offline. Exiting host mode.
[23:53:56]  j0nas500: !rollen
[23:53:56]  j0nas500: Erklärungen zu den Rollen findest du hier: https://jnkl.de/rollen
