# Start logging at 2021-11-20 00:07:34 Mitteleuropäische Zeit
[00:07:34] craki15 has gone offline. Exiting host mode.
[00:07:34] Samstag, 20. November 2021
# Start logging at 2021-11-20 13:39:19 Mitteleuropäische Zeit
[13:39:19] connected
[13:39:24]  j0nas500: !kcreset
[13:39:26]  j0nas500: Kruiz Control Initialized
[13:40:16]  j0nas500: !kcreset
[13:40:17]  j0nas500: Kruiz Control Initialized
[17:41:00]  j0nas500: Kruiz Control Initialized
[17:43:18] j0nas500 is live!
[17:53:30]  mcdiamond: hi
[17:58:58]  kingjulienkj: Hello
[17:59:39]  kingjulienkj: Habe gerade Werbung geschaut
[18:01:58]  kingjulienkj: Lilly ist doch voll alleine qwq
[18:02:42]  kingjulienkj: Hello
[18:02:46]  kingjulienkj: Corvus
[18:04:03]  kingjulienkj: Habe gehört, dass ich mit spielen darf kappa qwq
[18:05:08] kingjulienkj redeemed OOF 100
[18:06:17]  kingjulienkj: Mein oof ist nicht durchgekommen qwq
[18:06:41] kingjulienkj redeemed Mein Name 150
[18:07:17]  kingjulienkj: Ah doch funktioniert eh
[18:46:41] fabxx45 redeemed Jesus, oh oh eh oh 300
[19:33:50] fabxx45 redeemed OOF 100
[19:34:25] fabxx45 redeemed Putinwalk 150
[19:34:34]  fabxx45: oh yeah
[19:35:34]  fabxx45: achtung ein wildes lion
[19:38:10]  fabxx45: seine mum god like
[19:40:22]  fabxx45: man merkt er bemüht sich
[21:24:21]  tsd_pyro: drück mal bitte tap ^^
[21:24:30]  tsd_pyro: und hey na mein hübscher
[21:30:45]  tsd_pyro: hier j0 ich lass das mit der stimme viel zu anstrengend. Und ich freue mich dich wieder zu treffen ^^
[21:57:31]  cxrynx_: eyyy
[21:57:32]  cxrynx_: hall
[21:57:37] cxrynx_ redeemed OOF 100
[21:57:44] cxrynx_ redeemed Mein Name 150
[21:58:02] cxrynx_ redeemed Jesus, oh oh eh oh 300
[21:58:05]  cxrynx_: jaaaaa
[21:58:08]  cxrynx_: jesus
[21:58:53]  cxrynx_: vorallem können wir mal darüber reden das die rechts so richtig motiviert ist und die links so joar
[21:59:50]  cxrynx_: naja viel spaß euch #
[22:01:21]  cxrynx_: seid wann spielt dumbo lol ??
[22:34:32] This channel is intended for mature audiences.
[22:35:36] Now hosting nocho__.
[22:36:18] j0nas500 is now offline.
