# Start logging at 2021-11-07 17:51:39 Mitteleuropäische Zeit
[17:51:39] connected
[17:51:40] j0nas500 is live!
[17:51:50]  j0nas500: a
[17:55:36]  henner247: moin HeyGuys
[17:55:58]  henner247: LUL
[17:56:01]  henner247: wer ist jessica
[18:02:52]  beelzebub6_: kies
[18:02:58]  beelzebub6_: ist gut für wege
[18:03:11]  henner247: gravel
[18:03:13]  minderheitt: guden tag
[18:03:16]  beelzebub6_: gravle
[18:03:24]  beelzebub6_: ups gravel
[18:04:36]  beelzebub6_: wenn nur einer aufm Server ist, kann der doch schlafen um die naht zu skippen
[18:04:39]  minderheitt: ayo könnte ich eine Rückmeldung auf mein Ticket bekommen
[18:07:07]  otp_elias: Warum leften die ?
[18:07:38]  beelzebub6_: Damit die Nacht übersprungen wird
[18:08:28]  beelzebub6_: Warum? die nacht ist doch vorbei?
[18:10:39]  otp_elias: Warum biste vorhin eig im Creativ mode gewesen ?
[18:20:05]  otp_elias: 6
[18:25:09]  otp_elias: krass hab einfach 7k kanal punkte
[18:25:26]  otp_elias: bald hol ich den Tot ^^
[18:26:25]  otp_elias: Nein
[18:26:27]  otp_elias: pls no
[18:26:39]  otp_elias: ja bei der scythe
[18:26:44]  otp_elias: aber meine rüstung xD
[18:26:46]  otp_elias: nich
[18:38:47]  otp_elias: der mob spawn is ziemlich übertrieben in diesen Stein Türmen..
[18:39:30]  otp_elias: Ja wenn aber schon 10 viecher da chillen und brauchste länger in der zwischen zeit spawnen in der stage da drüber wieder um die 10-15
[18:40:35]  otp_elias: Ich hab noch nicht in der ganzen zeit wo ich rum laufe und suche
[18:40:54]  otp_elias: noch nicht dieses riesige gefunden was der den du gestern zu geschaut hast gefunden
[18:40:59]  otp_elias: dieser RIesen Dungeon
[18:44:43]  otp_elias: Gilt es als FailRP oder PowerRP wenn ich hier im stream jz den Ingame tot einlöse ?
[19:00:53]  cxrynx_: moin
[19:10:14]  otp_elias: Gibt ja upgrages ^^
[19:42:34]  otp_elias: Das hab ich halt noch nich gemacht da ich es als nicht sehr real empfinde
[19:42:43]  otp_elias: Wenn dort auch kein regen hin kommt
[19:44:52]  otp_elias: Ist es eig schlimm wenn ich ausversehen villager sage anstatt dorfbewohner ?
# Start logging at 2021-11-07 19:57:00 Mitteleuropäische Zeit
[19:57:00] connected
[19:57:02] j0nas500 is live!
[19:58:26]  otp_elias: hm ?
[20:00:07]  otp_elias: is gerade eh harte zeit mit blut mond
[20:00:10]  otp_elias: xD
[20:01:04]  tsd_pyro: j0 was geht ^^
[20:01:17]  otp_elias: true
[20:01:45]  tsd_pyro: wer hat mir nicht geholfen obwohl ich ihn gefragt habe j0nas5Wtf
[20:02:01]  tsd_pyro: stream
[20:02:41]  maxmasterb: Hey
[20:02:50]  maxmasterb: Wie läufts?
[20:02:59]  tsd_pyro: wer ist da alles bei ?  außer @otp_elias
[20:03:03]  maxmasterb: Sag mal, wachsen Bäume überhaupt?
[20:03:27]  otp_elias: @tsd_pyro ne
[20:03:33]  otp_elias: is nur community game mit mir
[20:03:34]  maxmasterb: Weil ich hab schon ewig welche stehen und gefühlt wachsen die nicht.
[20:03:48]  tsd_pyro: @tsd_pyro echt nicht oh okay
[20:04:22]  maxmasterb: Was baust du denn da riesiges?
[20:04:29]  otp_elias: ja es lagt son bisschen
[20:05:22]  tsd_pyro: wer ist den jetzt alles dabei j0 ?
[20:05:35]  maxmasterb: Ich
[20:05:52]  tsd_pyro: okay
[20:08:15]  tsd_pyro: kannst du mir helfen bin dumm?
[20:08:16]  maxmasterb: Einfach Blutmond nen bisschen weniger einstellen. Hatte den jetzt schon zwei mal und ich habe gar nicht die ganze Zeit gespielt.
[20:08:52]  justsaruman: guten Abend und hallöchen
[20:11:22]  otp_elias: Wie lang is dieser blöde mond denn da
[20:11:35]  otp_elias: achso
[20:12:06]  otp_elias: Hat pyro jz zugestimmt und kommt auch ?
[20:12:36]  tsd_pyro: @otp_elias ja
[20:12:37]  otp_elias: perfekt
[20:12:43]  maxmasterb: Worum gehts @tsd_pyro ?
[20:13:06]  otp_elias: DER ZOMBIE HAT GOLD RÜSTUNG xDD
[20:17:38]  tsd_pyro: @MaxMasterB Ich stecke nicht was wie ich das machen soll
[20:21:06]  maxmasterb: Discord
[20:21:11]  maxmasterb: @tsd_pyro
[20:21:31]  maxmasterb: Lobby 1
[20:21:39]  tsd_pyro: @MaxMasterB jo komme
[20:30:50]  otp_elias: anders rum
[20:30:54]  otp_elias: jawohl
[20:31:14]  otp_elias: Kannst shift gedrückt halten
[20:36:15]  jaypengi: der server geht am freitag erst wieder online oder?
[20:37:38]  maxmasterb: So, geht bei Pyro.
[20:39:04]  tsd_pyro: @MaxMasterB bin nicht auf der Gastelieste
[20:39:17]  tsd_pyro: gästeliste *
[20:40:28]  maxmasterb: Dann musst du auf dem Server noch nen Ticket erstellen.
[20:40:55]  maxmasterb: Bekommen wir heute noch ne extra Stunde? @j0nas500 ? O:
[20:41:19]  otp_elias: Ne extra stunde wäre nice
[20:42:56]  otp_elias: wie
[20:49:28]  tsd_pyro: bin fertig
[20:51:48]  tsd_pyro: wie findest mein Namen
[20:56:40]  tsd_pyro: hast du darauf geantwortet ? @j0nas500
[20:58:15]  otp_elias: Ich hab meine items wieder gefunden
[20:58:17]  otp_elias: JKahahaha
[20:58:33] tsd_pyro redeemed OOF 100
[20:59:53]  maxmasterb: pls dont D:
[21:00:22]  otp_elias: NOOO
[21:00:24]  otp_elias: 1h
[21:00:25]  otp_elias: plssss
[21:00:28]  otp_elias: xD
[21:00:46]  otp_elias: hast du gesehen wer gestorben is ?
[21:00:46]  maxmasterb: Das ist belastend... D,:
[21:01:12]  maxmasterb: Weil ich gerne noch weiter gespielt hätte...
[21:01:24]  tsd_pyro: j0nas5Wtf j0nas5Wtf j0nas5Wtf
[21:02:03]  maxmasterb: Na gut. Schönen Abend noch.
[21:02:30] Now hosting Lawezz.
[21:02:59] j0nas500 is now offline.
[21:15:16] disconnected
[21:15:16] Server connection timed out, reconnecting
[21:15:18] connected
[21:15:18] Now hosting Lawezz.
[21:38:58] lawezz has gone offline. Exiting host mode.
