# Start logging at 2021-10-15 19:55:23 Mitteleuropäische Sommerzeit
[19:55:23] connected
[19:58:21] j0nas500 is live!
[20:25:35]  cxrynx_: habt ihr noch nen platz
[20:26:41]  j0nas500: ja haben wir @cxrynx_
[20:26:54]  notdantexd: !discord
[20:26:55]  j0nas500: hast du den Server von Jay? @cxrynx_
[20:26:59]  j0nas500: !dc
[20:27:05]  j0nas500: sheeesh @NotDanteXD
[20:27:29]  cxrynx_: ja habe ich spiele valo zu ende und dann komme ich
[20:27:30]  notdantexd: !dc
[20:27:53]  j0nas500: !metta
[20:27:55]  notdantexd: kann man mitspielen?
[20:27:55]  j0nas500: !meta
[20:28:25]  j0nas500: @NotDanteXD https://discord.gg/xjTsuRDu
[20:28:26]  j0nas500: @NotDanteXD https://discord.gg/xjTsuRDu
[20:28:26]  notdantexd: viel glück
[20:29:07]  notdantexd: und beim admin table siehst du welche farbe in welchem raum ist
[20:29:36]  notdantexd: kann ich schon beitreten und mich muten
[20:29:54]  notdantexd: bin drin
[20:30:53]  notdantexd: ich lad eben TOR runter
[20:35:51]  tsd_pyro: Mein hübscher ich liebe dich. Liebe es mit dir zu spielen und hoffe das diese schöne zeit mit dir und den andern nicht aufhört ^^
[20:35:51] tsd_pyro subscribed at Tier 1. They've subscribed for 4 months!
[20:38:41]  notdantexd: habe among us und TOR jetzt runtergeladen komme dann jetzt gleich
[20:39:26]  notdantexd: nordamerika oder Europa
[20:40:02]  notdantexd: ok wartet eben
[20:40:37]  lawezz: magine
[20:40:53]  j0nas500: @Lawezz MAGINE
[20:41:07]  lawezz: ich streamsnipe
[20:41:53]  lawezz: schüschtern
[21:05:35]  fabxx45: na j0 was läuft
[21:06:51]  fabxx45: lawezz ist sus
[21:07:05]  fabxx45: wiie lang macht ihr noch komposter
[21:07:22]  fabxx45: sonst kann ich mitten drinn einsteigen halt jetzt
[21:07:38]  fabxx45: dann bin ich dannach dabei
[21:08:12]  fabxx45: muss ich irgendwas ändern?
[21:09:03] fabxx45 redeemed Trink Wasser 200
[21:09:53]  fabxx45: low ezz
[21:10:16]  fabxx45: version ändern?
[21:10:44]  fabxx45: ich hab die 2.7.2
[21:10:52]  fabxx45: jetzt hab ichs
[21:11:01]  fabxx45: welchen chatcommand für die rollen liste
[21:11:05]  fabxx45: weil ich lost bin
[21:11:15]  fabxx45: was muss ich eingeben
[21:11:48]  j0nas500: @fabxx45 https://tools.jnkl.de/rollen/
[21:11:54]  fabxx45: brauch auch noch iene server ienladung
[21:12:11]  fabxx45: ah schon gefunden
[21:12:12]  j0nas500: @fabxx45  https://discord.gg/xjTsuRDu
[21:30:04]  fabxx45: also j0 das war wiard
[21:31:32]  cxrynx_: Really
[21:37:24] tsd_pyro redeemed verbundene Augen 8500
[21:37:38]  tsd_pyro: wen es anfängt ^^
[21:37:44]  tsd_pyro: ja
[21:56:26] JayPengi subscribed at Tier 1. They've subscribed for 4 months!
[21:59:26] Now hosting KarnickelchenTV.
[22:00:21] j0nas500 is now offline.
[22:09:15]  j0nas500: !dc
[22:10:05]  j0nas500: !dc
[22:11:20]  j0nas500: aa
[22:11:24]  j0nas500: !dc
[22:11:24]  j0nas500: Discord: https://jnkl.de/dc
[22:11:32]  j0nas500: !discord
[22:11:32]  j0nas500: Discord: https://jnkl.de/dc
[22:21:26] karnickelchentv has gone offline. Exiting host mode.
# Start logging at 2021-10-15 22:26:28 Mitteleuropäische Sommerzeit
[22:26:28] connected
[22:29:02]  j0nas500: !so
[22:29:02]  j0nas500: Usage: !shoutout (streamer)
[22:29:09]  j0nas500: !so lawezz
[22:29:10]  j0nas500: Go give Lawezz a follow at https://twitch.tv/lawezz - they were last seen playing: Dead by Daylight!
