# Start logging at 2021-10-11 16:42:07 Mitteleuropäische Sommerzeit
[16:42:07] connected
[16:49:05] j0nas500 is live!
[16:51:54]  j0nas500: a
[16:52:04] j0nas500 redeemed Trink Wasser 200
[16:53:50]  justsaruman: So hallöchen
[16:57:49]  justsaruman: och schade
[16:59:03]  lawezz: jnullnasfünfhundert du pleb
[16:59:15]  lawezz: nach 7m wieder hanisauland?
[16:59:22]  justsaruman: mit der Kamera deines Vertrauens
[16:59:30]  lawezz: idk wie viele monate
[17:00:01]  lawezz: El Seppl
[17:00:22]  lawezz: Oh ja Kommunismus gachiHYPER
[17:00:50]  lawezz: ich will aber Kommunismus PepeWhy
[17:01:30]  lawezz: pyro und ich haben gerade randoms in dbd getrollt die 2x farmed haben xD
[17:02:21]  lawezz: el Hand
[17:02:30]  lawezz: oh el hand quali runter
[17:03:18]  lawezz: oh El
[17:03:20]  lawezz: auriculares
[17:03:44]  lawezz: Los Libros son muy bueno
[17:04:28]  lawezz: El Robin nicht da
[17:04:46]  lawezz: ich nix sehen el robin
[17:05:00]  lawezz: meintest du nich du machst das mit cam?
[17:05:04]  lawezz: bei robin
[17:05:24]  lawezz: dann ich haben falsch verstanden
[17:05:40]  lawezz: ich dachte robin mahct cam an damit man ihn sieht
[17:05:45]  lawezz: wie er liest
[17:06:02]  lawezz: Peter Lustig Kappa
[17:06:37]  lawezz: nee die verfällt irgendwann zu staub
[17:06:57]  lawezz: im stream muss man sehr genau gucken
[17:07:22]  lawezz: jetzt kann man gar nicht mehr lesen Kappa
[17:07:56]  lawezz: hol dir nh Katze dann hast du das maus problem nich mehr
[17:08:24]  lawezz: uiii möhrensuppe
[17:08:50]  lawezz: monkaEyes
[17:13:24]  lawezz: ohja Katapult POGGERS
[17:15:17]  lawezz: darf ich nh ingame tod einlösen?
[17:19:09]  lawezz: wo wo wo
[17:19:14]  lawezz: wo ist meine mama
[17:19:23]  lawezz: wer hat sie gesehen
[17:19:30]  lawezz: bist du meine Mama?
[17:22:24]  lawezz: j0 jay ist gefallen
[17:22:51]  lawezz: Er hat Fifa 22 gekauft :(
[17:23:20]  tsd_pyro: was für keine Zeit?
[17:40:02]  lawezz: stark j0
[17:41:09]  lawezz: https://clips.twitch.tv/ImpartialMuddyConsoleDuDudu-pUtr03kfVxQE0Uce
[17:42:12]  tsd_pyro: warum macht ihr das ?
[17:42:17]  lawezz: uii nicer arm
[17:42:18]  tsd_pyro: warum ?
[17:42:22]  tsd_pyro: wieso?
[17:42:47]  lawezz: wieso weshalb warum
[17:42:54]  lawezz: wer nicht fragt bleibt dumm
[17:52:30]  lawezz: ohja plattsitzen xD
[17:57:00]  lawezz: uiii nh Knall
[17:58:32]  lawezz: uiii plattsitzen
[18:14:58]  fabxx45: was ist das denn
[18:15:03]  fabxx45: was wird das
[18:18:45]  fabxx45: welche zielgruppe hat das buch?
[18:19:42]  fabxx45: geiles kinderbuch geht um krieg kanzler
[18:19:43]  fabxx45: nice
[18:19:53]  fabxx45: und bürgerrechte
[18:23:55]  fabxx45: is so ein richtiges buch für dich j0
[18:31:40] Now hosting DEANjpg.
[18:32:05] j0nas500 is now offline.
[21:02:05] deanjpg has gone offline. Exiting host mode.
[21:18:07] disconnected
[21:18:07] Server connection timed out, reconnecting
[21:18:09] connected
[23:15:49] disconnected
[23:15:49] Server connection timed out, reconnecting
[23:15:51] connected
