# Start logging at 2021-10-29 13:52:47 Mitteleuropäische Sommerzeit
[13:52:47] connected
[14:57:15]  j0nas500: !LLLL
[14:57:19]  j0nas500: !lll
[14:57:21]  j0nas500: !meta
[14:58:22]  j0nas500: !LLLL
[14:58:25]  j0nas500: !meta
[14:58:27]  j0nas500: !LLLL
[14:58:42]  j0nas500: !LLLL
[14:58:43]  j0nas500: LLLL Streams stehen für: Labern, Lästern, Lernen, Labend. Es ist also Just Chatting mit Schulstoff :D
[15:00:45] j0nas500 is live!
[15:02:31] j0nas500 redeemed Trink Wasser 200
[15:03:53]  grenthot_dgc: musst elektriker aufgaben machen?
[15:04:21]  grenthot_dgc: du im ersten lehrjahr hab ichs gemacht
[15:05:02]  grenthot_dgc: was must den alles rausrechnen?
[15:06:27]  grenthot_dgc: ich kuck aml was ich noch zusammen bekomme
[15:09:46]  fabxx45: l
[15:10:49]  grenthot_dgc: hab dir auf dc geschickt
[15:13:30]  grenthot_dgc: i muss man berechnen mit u und r
[15:13:50]  grenthot_dgc: also rgesamt
[15:13:57]  grenthot_dgc: genau
[15:15:36]  grenthot_dgc: wie gesagt ist schon eine weile her aber müsste eig stimmen
[15:19:10]  grenthot_dgc: was wird das eig?
[15:24:12] fabxx45 redeemed Trink Wasser 200
[15:24:33]  grenthot_dgc: war kurz weg passt alles?
[15:25:50]  grenthot_dgc: gerade noch gerettet mit mal 1000 xD
[15:28:33]  grenthot_dgc: nochmal /t bei der stromstärke?
[15:30:06]  grenthot_dgc: ja aber wenn ers so will xD dann ist halt neme schön
[15:31:48]  herr_elo: wusste garnicht das du dich mit programmieren auskennst grenthot
[15:32:16]  grenthot_dgc: kenn ich mich auch nicht aber mit der elektrik rechnung bin elektriker
[15:33:56]  herr_elo: achso
[15:34:30]  grenthot_dgc: für programmieren hätte icvh glaub zu wenig geduld
[15:40:59]  grenthot_dgc: also ich muss jhetzt mal weiter wenn du noch irgendweas brauchst einfach in dc schreiben bye
[16:01:22]  fabxx45: olum
[16:02:14]  fabxx45: was programmiere
[16:42:08]  axxtral: einfach grade gesehen dass du streamst
[16:42:15]  axxtral: und V3nshi hat schon genug viewer OMEGALUL
[16:43:13]  axxtral: Python ?
[16:43:24]  axxtral: eklig
[16:43:38]  axxtral: einfach direkt in binär coden OMEGALUL
[16:44:59]  axxtral: lernst du grad einfach nur oder für was ist das ?
[16:47:25]  axxtral: leuchtet Pog
[16:47:26]  j0nas500: Schau doch gerne mal bei unserer Community-Webseite vorbei :) https://mvbuddies.de
[16:56:48]  j0nas500: !example
[16:57:36]  j0nas500: Kruiz Control Initialized
[16:57:55]  j0nas500: !example
[16:57:55]  j0nas500: Success! It worked!
[17:01:24]  j0nas500: !kcreset
[17:01:26]  j0nas500: Kruiz Control Initialized
[17:01:30]  j0nas500: !5head
[17:01:31]  j0nas500: j0nas55head j0nas55head j0nas55head j0nas55head j0nas55head
[17:01:31]  j0nas500: j0nas55head j0nas55head j0nas55head j0nas55head j0nas55head
[17:01:31]  j0nas500: j0nas55head j0nas55head j0nas55head j0nas55head j0nas55head
[17:01:31]  j0nas500: j0nas55head j0nas55head j0nas55head j0nas55head j0nas55head
[17:01:31]  j0nas500: j0nas55head j0nas55head j0nas55head j0nas55head j0nas55head
[17:02:19]  lawezz: stranger things musik Kappa
[17:02:29]  lawezz: @j0nas500 hihi j0 ist nh bot
[17:02:52]  lawezz: leben am limit
[17:03:23]  j0nas500: !kcreset
[17:03:26]  j0nas500: Kruiz Control Initialized
[17:03:26]  lawezz: !llll
[17:03:26]  j0nas500: LLLL Streams stehen für: Labern, Lästern, Lernen, Labend. Es ist also Just Chatting mit Schulstoff :D
[17:03:32]  j0nas500: !befehle
[17:03:32]  j0nas500: j0nas500 alle Befehle findest du hier: https://j0nas500.de/commands
[17:03:32]  j0nas500: {touser} alle Befehle findest du hier: https://j0nas500.de/commands
[17:03:39]  j0nas500: !kcreset
[17:03:42]  j0nas500: Kruiz Control Initialized
[17:03:45]  j0nas500: !befehle
[17:03:45]  j0nas500: j0nas500 alle Befehle findest du hier: https://j0nas500.de/commands
[17:03:46]  j0nas500: j0nas500 alle Befehle findest du hier: https://j0nas500.de/commands
[17:03:51]  lawezz: einfach doppelter aal
[17:04:14]  j0nas500: !kcreset
[17:04:17]  j0nas500: Kruiz Control Initialized
[17:04:21]  j0nas500: !befehöe
[17:04:23]  j0nas500: !befehle
[17:04:23]  j0nas500: @j0nas500 alle Befehle findest du hier: https://j0nas500.de/commands
[17:04:26]  j0nas500: Auf diesem Discord Server quatschen und schreiben wir immer: https://jnkl.de/dc
[17:04:29]  lawezz: warum ist der stream bei mir am abkacken? ich mach doch gar nix
[17:04:34]  j0nas500: !test
[17:04:34]  streamelements: crimson heist:  292 years 3 months 8 days 23 hours
[17:04:34]  j0nas500: @j0nas500 alle Befehle findest du hier: https://j0nas500.de/commands
[17:04:57]  lawezz: uiii nur noch 292 jahre?
[17:05:21]  lawezz: mods i guess
[17:06:10]  lawezz: selber schuld wenn du mir kein Mod gibst Kappa
[17:06:35]  lawezz: gog lädt runter...
[17:06:38]  lawezz: warum das?
[17:07:01]  lawezz: und ich wunder mich wo die 100% netzwerk auslastung her kommen
[17:07:11]  lawezz: mit nh command ? Kappa
[17:07:42]  lawezz: dochh nh command @everyone + kein cooldown ist wild
[17:07:59]  lawezz: auch sooo dumm
[17:08:07]  lawezz: bei steve war gestern einer
[17:08:27]  lawezz: deanjpGLOVE
[17:08:41]  j0nas500: deanjpGLOVE
[17:08:55]  j0nas500: !kcreset
[17:08:57]  j0nas500: Kruiz Control Initialized
[17:08:59]  j0nas500: !bsg
[17:08:59]  j0nas500: Bitte kein Backseatgaming oder ungefragte Tipps. Jonas weiß, was er tut und wenn er was wissen möchte, wird er auch fragen.
[17:09:01]  j0nas500: !cam
[17:09:02]  j0nas500: Die Kamera ist absichtlich aus! Entweder Jonas isst, ist kurz AFK, hat keine Lust auf Cam oder findet die Cam bei diesem Spiel nicht vonnöten!
[17:09:11]  lawezz: warum heißen die jz dean g p?
[17:09:29]  lawezz: deanjpg
[17:09:37]  lawezz: jaypeegee
[17:10:12]  lawezz: Jaypengi, pizzamansteve &majorgurke
[17:10:48]  lawezz: !dumbo
[17:10:49]  j0nas500: Lawezz ist zu 59% Dumbo!
[17:10:52]  lawezz: Sadge
[17:10:56]  lawezz: ayyy
[17:11:03]  lawezz: bot nur zu langsam
[17:11:34]  lawezz: wofür steht die 5 immer mitten drin?
[17:11:44]  lawezz: also on command e 5
[17:11:53]  lawezz: ahhhhh
[17:11:58]  lawezz: kling ez af
[17:12:39]  lawezz: machst deckel auf und schmeißt rein
[17:13:30]  j0nas500: !kcreset
[17:13:32]  j0nas500: Kruiz Control Initialized
[17:13:39]  j0nas500: !dumbo
[17:13:39]  j0nas500: j0nas500 ist zu (#)% Dumbo! Random Number
[17:13:56]  lawezz: uiiiiii
[17:14:07]  j0nas500: !kcreset
[17:14:10]  j0nas500: Kruiz Control Initialized
[17:14:11]  j0nas500: !dumbo
[17:14:12]  j0nas500: j0nas500 ist zu 67 Dumbo!
[17:14:26]  j0nas500: Chatregeln: https://j0nas500.de/rules
[17:14:31]  lawezz: und mit dem kcreset cmd aktualisierst du den bot?
[17:14:40]  lawezz: ist zu 67 dumbo?
[17:14:45]  lawezz: da fehlt doch nh %
[17:14:51]  j0nas500: !kcreset
[17:14:53]  j0nas500: Kruiz Control Initialized
[17:14:58]  lawezz: ahhh
[17:14:59]  lawezz: !dumbo
[17:14:59]  j0nas500: Lawezz ist zu 54% Dumbo!
[17:15:07]  j0nas500: !dumbo @fabxx45
[17:15:07]  j0nas500: j0nas500 ist zu 77% Dumbo!
[17:15:12]  lawezz: monkaEyes
[17:15:31]  lawezz: Monke eixy
[17:15:37]  lawezz: eyes
[17:16:05]  lawezz: pepeJAMJAM catJAM
[17:16:06]  j0nas500: catJAM catJAM catJAM catJAM catJAM catJAM catJAM catJAM catJAM catJAM catJAM catJAM catJAM catJAM catJAM
[17:16:06]  j0nas500: catJAM catJAM catJAM catJAM catJAM catJAM catJAM catJAM catJAM catJAM catJAM catJAM catJAM catJAM catJAM
[17:16:18]  lawezz: ich lurk mal
[17:17:11]  j0nas500: !kcreset
[17:17:13]  j0nas500: Kruiz Control Initialized
[17:17:15]  j0nas500: !dumbo @fabxx45
[17:17:16]  j0nas500: j0nas500 @fabxx45 ist zu 87% Dumbo!
[17:19:57]  j0nas500: !kcreset
[17:20:00]  j0nas500: Kruiz Control Initialized
[17:20:02]  j0nas500: !dumbo @fabxx45
[17:20:02]  j0nas500: j0nas500 ist zu 59% Dumbo!
[17:20:14]  j0nas500: !dumbo
[17:20:14]  j0nas500: j0nas500 ist zu 21% Dumbo!
[17:20:42]  j0nas500: !kcreset
[17:20:44]  j0nas500: Kruiz Control Initialized
[17:20:57]  j0nas500: !dumbo @fabxx45
[17:20:57]  j0nas500: j0nas500 ist zu 48% Dumbo!
[17:21:01]  j0nas500: !dumbo
[17:21:04]  j0nas500: !dumbo
[17:21:04]  j0nas500: j0nas500 ist zu 81% Dumbo!
[17:21:21]  j0nas500: !kcreset
[17:21:23]  j0nas500: Kruiz Control Initialized
[17:21:25]  j0nas500: !dumbo @fabxx45
[17:21:25]  j0nas500: @fabxx45 ist zu 56% Dumbo!
[17:21:35]  j0nas500: !dumbo
[17:21:36]  j0nas500: ist zu 95% Dumbo!
[17:22:06]  j0nas500: !kcreset
[17:22:08]  j0nas500: Kruiz Control Initialized
[17:22:11]  j0nas500: !dumbo
[17:22:12]  j0nas500: ist zu 31% Dumbo!
[17:22:30]  j0nas500: !kcreset
[17:22:32]  j0nas500: Kruiz Control Initialized
[17:22:37]  j0nas500: !dumbo
[17:22:41]  j0nas500: !dumbo s
[17:24:01]  j0nas500: !kcreset
[17:24:04]  j0nas500: Kruiz Control Initialized
[17:24:07]  j0nas500: !dumbo
[17:24:07]  j0nas500: j0nas500 ist zu 22% Dumbo!
[17:24:07]  j0nas500: ist zu 22% Dumbo!
[17:24:22]  j0nas500: !dumbo
[17:24:22]  j0nas500: j0nas500 ist zu 76% Dumbo!
[17:24:22]  j0nas500: ist zu 76% Dumbo!
[17:24:26]  j0nas500: Folge mir auf Twitter: https://twitter.com/j0nas500
[17:25:20]  j0nas500: !kcreset
[17:25:23]  j0nas500: Kruiz Control Initialized
[17:25:29]  j0nas500: !dumbo
[17:25:29]  j0nas500: ist zu 37% Dumbo!
[17:25:34]  j0nas500: !dumbo a
[17:25:34]  j0nas500: a ist zu 59% Dumbo!
[17:27:00]  j0nas500: !kcreset
[17:27:03]  j0nas500: Kruiz Control Initialized
[17:27:04]  j0nas500: !dumbo
[17:27:04]  j0nas500: j0nas500 ist zu 55% Dumbo!
[17:27:04]  j0nas500: ist zu 55% Dumbo!
[17:27:17]  j0nas500: !kcreset
[17:27:19]  j0nas500: Kruiz Control Initialized
[17:27:20]  j0nas500: !dumbo
[17:27:21]  j0nas500: ist zu 49% Dumbo!
[17:27:25]  j0nas500: !dumbo a
[17:27:25]  j0nas500: a ist zu 25% Dumbo!
[17:28:35]  j0nas500: !kcreset
[17:28:38]  j0nas500: Kruiz Control Initialized
[17:28:39]  j0nas500: !dumbo
[17:28:40]  j0nas500: j0nas500 ist zu 17% Dumbo!
[17:28:45]  j0nas500: !dumbo a
[17:28:45]  j0nas500: j0nas500 ist zu 90% Dumbo!
[17:29:03]  j0nas500: !kcreset
[17:29:06]  j0nas500: Kruiz Control Initialized
[17:29:07]  j0nas500: !dumbo a
[17:29:07]  j0nas500: j0nas500 ist zu 71% Dumbo!
[17:29:08]  j0nas500: a ist zu 71% Dumbo!
[17:29:10]  j0nas500: !dumbo
[17:29:11]  j0nas500: j0nas500 ist zu 58% Dumbo!
[17:29:11]  j0nas500: ist zu 58% Dumbo!
[17:30:23]  j0nas500: !kcreset
[17:30:26]  j0nas500: Kruiz Control Initialized
[17:30:28]  j0nas500: !dumbo a
[17:30:28]  j0nas500: j0nas500 ist zu 38% Dumbo!
[17:31:52]  j0nas500: !kcreset
[17:31:54]  j0nas500: Kruiz Control Initialized
[17:31:58]  j0nas500: !dumbo a
[17:32:03]  j0nas500: !dumbo
[17:32:16]  j0nas500: !kcreset
[17:32:19]  j0nas500: Kruiz Control Initialized
[17:32:22]  j0nas500: !dumbo
[17:32:25]  j0nas500: !dumbo a
[17:33:34]  j0nas500: !kcreset
[17:33:37]  j0nas500: Kruiz Control Initialized
[17:33:38]  j0nas500: !dumbo a
[17:33:38]  j0nas500: a ist zu 64% Dumbo!
[17:33:42]  j0nas500: !dumbo
[17:33:42]  j0nas500: ist zu 16% Dumbo!
[17:33:55]  j0nas500: !kcreset
[17:33:58]  j0nas500: Kruiz Control Initialized
[17:34:00]  j0nas500: !dumbo
[17:34:00]  j0nas500: j0nas500 ist zu 59% Dumbo!
[17:34:03]  j0nas500: !dumbo a
[17:34:04]  j0nas500: j0nas500 ist zu 13% Dumbo!
[17:34:17]  j0nas500: !kcreset
[17:34:19]  j0nas500: Kruiz Control Initialized
[17:34:20]  j0nas500: !dumbo a
[17:34:22]  j0nas500: !dumbo a
[17:34:24]  j0nas500: !dumbo
[17:34:26]  j0nas500: Alle Befehle: https://j0nas500.de/commands
[17:34:32]  j0nas500: !kcreset
[17:34:35]  j0nas500: Kruiz Control Initialized
[17:34:37]  j0nas500: !dumbo
[17:34:38]  j0nas500: ist zu 41% Dumbo!
[17:34:42]  j0nas500: !dumbo 1
[17:34:42]  j0nas500: 1 ist zu 42% Dumbo!
[17:34:47]  lawezz: imagine
[17:34:59]  lawezz: hast mich einfach kaputt gemacht
[17:35:34]  j0nas500: !dumbo
[17:35:34]  j0nas500: ist zu 71% Dumbo!
[17:35:52]  j0nas500: !kcreset
[17:35:55]  j0nas500: Kruiz Control Initialized
[17:35:56]  j0nas500: !dumbo
[17:35:56]  j0nas500: ist zu 31% Dumbo!
[17:37:51]  j0nas500: !kcreset
[17:37:53]  j0nas500: Kruiz Control Initialized
[17:37:56]  j0nas500: !dumbo
[17:37:56]  j0nas500: {exists}  ist zu 52% Dumbo!
[17:38:31]  j0nas500: !kcreset
[17:38:34]  j0nas500: Kruiz Control Initialized
[17:38:37]  j0nas500: !dumbo
[17:38:39]  j0nas500: !dumbo a
[17:39:13]  j0nas500: !kcreset
[17:39:15]  j0nas500: Kruiz Control Initialized
[17:39:17]  j0nas500: !dumbo a
[17:39:17]  j0nas500: true j0nas500 ist zu 97% Dumbo!
[17:39:17]  j0nas500: true a ist zu 97% Dumbo!
[17:39:23]  j0nas500: !dumbo
[17:39:23]  j0nas500: true j0nas500 ist zu 70% Dumbo!
[17:39:23]  j0nas500: true  ist zu 70% Dumbo!
[17:44:26]  j0nas500: Schau doch gerne mal bei unserer Community-Webseite vorbei :) https://mvbuddies.de
[17:48:53]  j0nas500: !kcreset
[17:49:06]  j0nas500: !kcreset
[17:49:08]  j0nas500: Kruiz Control Initialized
[17:49:18]  j0nas500: !hello
[17:49:19]  j0nas500: Hello
[17:49:25]  j0nas500: !hello a
[17:49:26]  j0nas500: Hello a
[17:49:59]  j0nas500: !kcreset
[17:50:02]  j0nas500: Kruiz Control Initialized
[17:50:04]  j0nas500: !hello a
[17:50:04]  j0nas500: Hello a
[17:50:06]  j0nas500: !hello
[17:50:06]  j0nas500: Hello
[17:53:37]  j0nas500: !kcreset
[17:53:39]  j0nas500: Kruiz Control Initialized
[17:53:42]  j0nas500: !dumbo
[17:53:43]  j0nas500: j0nas500 ist zu 95% Dumbo!
[17:53:56]  j0nas500: !dumbo a
[17:53:57]  j0nas500: a ist zu 52% Dumbo!
[17:54:04]  lawezz: was mit mir?
[17:54:21]  lawezz: ok
[17:54:26]  j0nas500: !followage
[17:54:26]  j0nas500: @j0nas500,  j0nas500 is not following channel j0nas500
[17:54:33]  j0nas500: !followage @Lawezz
[17:54:33]  j0nas500: @j0nas500,  lawezz has been following channel j0nas500 since January 17, 2021 (285 days ago).
[17:54:37]  lawezz: nee brauch man nich
[17:54:47]  lawezz: watchtime ist nice
[17:55:04]  j0nas500: !watchtime
[17:55:04]  j0nas500: you currently have spent  562 hours and 17 minutes in the chat.
[17:55:15]  j0nas500: !watchtime @Lawezz
[17:55:31]  lawezz: stark
[17:55:35]  lawezz: !watchtime
[17:55:35]  j0nas500: @Lawezz, you currently have spent  35 hours and 57 minutes in the chat.
[17:55:43]  lawezz: ez
[17:55:45]  lawezz: pez
[17:55:50]  j0nas500: !help
[17:55:50]  j0nas500: Wie kann man helfen?
[17:55:56]  j0nas500: Auf diesem Discord Server quatschen und schreiben wir immer: https://jnkl.de/dc
[17:56:09]  lawezz: sehr stronks
[17:57:21]  lawezz: j0 am 15. kommt meine auszahlung
[17:57:48]  lawezz: ja seit gestern fehlt nix mehr
[17:58:05]  j0nas500: !kcreset
[17:58:06]  lawezz: der prime von dir hats geholt
[17:58:19]  j0nas500: !lesen
[17:58:19]  j0nas500: Lest den CHAT/TITEL verdammt nochmal!! LUL
[17:58:19]  j0nas500: Lest dem CHAT/TITEL verdammt nochmal!!! LUL
[17:58:26]  lawezz: nein aber da ich wusste das ich fast voll bin hab ich einfach mal geguckt
[17:58:51]  lawezz: @j0nas500 das ist son richtiger j0 command
[17:58:58]  lawezz: den wird man nur bei dir finden
[17:59:16]  lawezz: imagine
[17:59:55]  j0nas500: !kcreset
[17:59:57]  j0nas500: Kruiz Control Initialized
[17:59:59]  j0nas500: !llll
[18:00:00]  j0nas500: LLLL Streams stehen für: Labern, Lästern, Lernen, Labend. Es ist also Just Chatting mit Studentenstoff :D
[18:05:15]  j0nas500: !kcreset
[18:05:17]  j0nas500: Kruiz Control Initialized
[18:05:19]  j0nas500: !hello
[18:05:26]  j0nas500: !hello jonas
[18:05:27]  j0nas500: Hello jonas
[18:05:27]  j0nas500: Hello j0nas500
[18:05:38]  j0nas500: !kcreset
[18:05:41]  j0nas500: Kruiz Control Initialized
[18:05:43]  j0nas500: !hello
[18:05:44]  j0nas500: Hello j0nas500
[18:05:48]  j0nas500: !hello Lion
[18:05:48]  j0nas500: Hello Lion
[18:07:34]  j0nas500: !kcreset
[18:07:36]  j0nas500: Kruiz Control Initialized
[18:07:39]  j0nas500: !dumbo
[18:07:39]  j0nas500: j0nas500 ist zu 69% Dumbo!
[18:07:40]  j0nas500: j0nas500 ist zu 5% Dumbo!
[18:07:46]  j0nas500: Chatregeln: https://j0nas500.de/rules
[18:08:07]  j0nas500: !dumbo
[18:08:07]  j0nas500: j0nas500 ist zu 51% Dumbo!
[18:08:19]  j0nas500: !dumbo @Lawezz
[18:08:35]  lawezz: alles kakaputt machst du
[18:08:40]  j0nas500: !kcreset
[18:08:43]  j0nas500: Kruiz Control Initialized
[18:08:48]  j0nas500: !dumbo
[18:08:51]  lawezz: dbd
[18:09:39]  lawezz: musst ja nich mitspielen
[18:09:43]  j0nas500: !kcreset
[18:09:46]  j0nas500: Kruiz Control Initialized
[18:09:49]  j0nas500: !dumbo
[18:09:49]  j0nas500: j0nas500 ist zu 60% Dumbo!
[18:09:49]  j0nas500: ist zu 60% Dumbo!
[18:09:58]  j0nas500: !kcreset
[18:10:00]  lawezz: F
[18:10:00]  j0nas500: Kruiz Control Initialized
[18:10:04]  j0nas500: !dumbo
[18:10:04]  j0nas500: j0nas500 ist zu 24% Dumbo!
[18:10:09]  j0nas500: !dumbo @Lawezz
[18:10:09]  j0nas500: @Lawezz ist zu 78% Dumbo!
[18:10:15]  lawezz: !dumbo
[18:10:15]  j0nas500: Lawezz ist zu 25% Dumbo!
[18:10:33]  lawezz: peepoShy
[18:10:39]  lawezz: Clap
[18:10:47]  lawezz: !lösch dich
[18:10:51]  lawezz: !löschdich
[18:10:51]  j0nas500: Lawezz löschdich: https://loeschdich.de/Lawezz Kappa
[18:11:17]  lawezz: wie lösche ich mich auf twitter
[18:11:38]  lawezz: sag ich ja
[18:11:59]  j0nas500: !kcreset
[18:12:01]  j0nas500: Kruiz Control Initialized
[18:12:04]  j0nas500: !löschdich
[18:12:04]  j0nas500: Lösch Dich: https://loeschdich.de/ Kappa
[18:12:48] ローエスズブ lawezzv2: !löschdich
[18:12:48]  j0nas500: Lösch Dich: https://loeschdich.de/ Kappa
[18:13:01]  j0nas500: !kcreset
[18:13:03]  j0nas500: Kruiz Control Initialized
[18:13:08]  j0nas500: !löschdich
[18:13:08]  j0nas500: j0nas500 Lösch Dich: https://loeschdich.de/j0nas500 Kappa
[18:13:13] ローエスズブ lawezzv2: ahhh das ist personaliesiert
[18:13:26]  j0nas500: !löschdich @lawezzv2
[18:13:26]  j0nas500: @lawezzv2 Lösch Dich: https://loeschdich.de/@lawezzv2 Kappa
[18:13:42]  lawezz: nein ich dachte das wäre pro user anders
[18:16:48] Now hosting DEANjpg.
[18:17:45] j0nas500 is now offline.
[20:02:20] deanjpg has gone offline. Exiting host mode.
