# Start logging at 2021-10-30 00:02:53 Mitteleuropäische Sommerzeit
[00:02:53] connected
# Start logging at 2021-10-30 19:20:43 Mitteleuropäische Sommerzeit
[19:20:43] connected
[19:20:44] j0nas500 is live!
[19:29:11]  florianien: spielst du mit leuten die du kennst?
[19:29:11] florianien subscribed at Tier 1. They've subscribed for 4 months, currently on a 2 month streak!
[19:29:11]  j0nas500: florianien just subscribed for 4 months in a row!
[19:30:01]  florianien: suchst du noch leute zum spilen?
[19:30:24]  j0nas500: twitch.tv/deanjpg
[19:38:01]  lawezz: j0
[19:38:09]  lawezz: ihr habt noch plätze right?
[19:38:24]  lawezz: sehr schösch
[19:43:43]  florianien: darf ich dazu stoßen?
[19:44:21]  j0nas500: twitch.tv/deanjpg @florianien da einfach mal nachfragen
[19:59:29]  lawezz: hatte nh vluescreen
[19:59:32]  lawezz: blue
[19:59:34]  j0nas500: Sadge
[20:03:41]  lawezz: CPU goes brrrrrrrrrrrrtttttttttttt
[20:03:47]  lawezz: bluescreens go brrrrrrrt
[20:03:53]  lawezz: bru
[20:04:04]  lawezz: hatte 10% B)
[20:04:08]  lawezz: 100*
[20:04:31]  lawezz: sooo nh schmutz game
[20:04:56]  lawezz: doch das crasht mein ganzen pc
[20:05:06]  lawezz: ich hab eben neu gestartet dumbo
[20:05:14]  lawezz: und trotzdem crashed
[20:05:36]  lawezz: tatsächlich fahr ich 1x in der woche runter
[20:06:00]  lawezz: imagine
[20:06:08]  lawezz: was nh zeitverschwendung Kappa
[20:06:13]  lawezz: ja aber die is voll
[20:06:45]  lawezz: weil windowas sich aus irgendwelchen gründen auf ssd und hdd aufgeteilt hat
[20:07:09]  lawezz: hab ich dir schonmal erklärt
[20:07:40]  lawezz: als ich meine hdd rausgenommen hab hat es nur noch ins bios gebooted
[20:08:02]  lawezz: und das gigabyte bios ist schmutz da kannst du nix auswählen
[20:08:14]  lawezz: ne eben nicht das ist ja mein problem
[20:09:30]  lawezz: wir haben das nich gefunden
[20:09:39]  lawezz: und wir haben gegoogled
[20:09:49]  j0nas500: Alle Befehle: https://j0nas500.de/commands
[20:09:49]  lawezz: ich hab das nich gemacht
[20:10:03]  lawezz: mein dad
[20:10:35]  lawezz: lost j0
[20:10:54]  lawezz: da wo ausrufezeichen ist da ausrufezeichen
[20:11:51]  lawezz: ja soooooo lost das game + mein pc = g
[20:11:55]  lawezz: gar nicht gut
[20:12:08]  lawezz: du bist selber kein bock
[20:13:02]  lawezz: schmiert ja 24/7 ab
[20:13:06]  lawezz: ne stream bleibt aus
[20:13:42]  lawezz: was ist das denn
[20:13:50]  lawezz: ich starte gerade for honor
[20:13:59]  lawezz: und einfach die dbd lobby musik
[20:16:46]  lawezz: war ja sehr intressantes gespräch
[20:17:26]  lawezz: cxrynx ist komplett blind
[20:17:30]  lawezz: blau auch
[20:18:09]  lawezz: ich spiel jz r6
[20:18:16]  lawezz: macht spaß mit der truppe?
[20:19:39]  lawezz: KEKW
[20:20:36]  lawezz: https://clips.twitch.tv/SoftToughOcelotOMGScoots-p9RWcxzFrpy1qkT7
[20:21:14]  lawezz: KEKW
[20:22:18]  lawezz: https://clips.twitch.tv/EnchantingSlickPancakeBlargNaut-XbtxEJH9hYQ55bre
[20:23:07]  lawezz: ich mach immer gute clips
[20:24:34]  lawezz: gurke 5Head
[20:24:46]  lawezz: schade
[20:27:43]  lawezz: ich behaupte dich gleich jay
[20:27:58]  lawezz: lighter in gut
[20:30:11] lawezz redeemed Trink Wasser 200
[20:37:32]  lawezz: hau die maus raus
[20:40:57]  lawezz: j0 mit dem chat lesen üben wir aber beide nochmal
[20:41:23]  otp_elias: was dat denn
[20:41:24]  lawezz: achso
[20:41:29]  j0nas500: Schau doch gerne mal bei unserer Community-Webseite vorbei :) https://mvbuddies.de
[20:41:33]  lawezz: aslso wieder nich vorgelesen
[20:42:35]  lawezz: perfekt carina KEKW
[20:50:23]  lawezz: j0 wie dumm
[20:50:33]  lawezz: mach nh 4k und sterb an nh frost trap
[20:53:38]  lawezz: du suchst ja auch enten keien menschen
[20:57:18]  lawezz: 5Head
[20:57:25]  lawezz: get clipped
[20:59:19] Now hosting V3nshi.
[20:59:41] j0nas500 is now offline.
