# Start logging at 2021-09-24 12:56:05 Mitteleuropäische Sommerzeit
[12:56:05] connected
[15:00:02] j0nas500 is live!
[15:02:17]  fabxx45: naaaaaaaa hhhhhhhhööööööööörrrrrrrrr mmmmmmmmmmaaaaaaaaaaaaalllllllllllll
[15:02:40]  fabxx45: wo bleibt das u oder i
[15:02:54]  j0nas500: a
[15:03:08] j0nas500 redeemed Trink Wasser 200
[15:03:11]  fabxx45: a für garnix
[15:03:27]  fabxx45: ich bin grad am first hook gestorben
[15:03:29]  fabxx45: Pog
[15:04:07]  fabxx45: joa alles nice bisschen krank
[15:04:12]  fabxx45: kein corona
[15:04:26]  fabxx45: husten schnupfen
[15:05:13]  fabxx45: bin gegen grippe geimpft
[15:06:17]  fabxx45: später bock mit mir swf
[15:06:43]  fabxx45: ja dann muss man meine nervige stimme nicht hören
[15:07:30]  fabxx45: gen rush eh klar
[15:08:11]  fabxx45: schon so
[15:09:16]  fabxx45: immer zu den gen der am weitesten weg ist
[15:09:35]  fabxx45: da war der gen am moven
[15:10:30]  fabxx45: is schon geil als killer oder?
[15:22:29]  fabxx45: billy bockt mehr als gegner
[15:22:31]  j0nas500: Schau doch gerne mal bei unserer Community-Webseite vorbei :) https://mvbuddies.de
[15:36:45]  fabxx45: nene der eine ist geleavet
[15:41:51]  fabxx45: also das kann doch nicht eurer ernst sein
[15:42:00]  fabxx45: zuerst schmierst du ab dann der random
[15:42:18]  kingjulienkj: Yo
[15:42:35]  kingjulienkj: Na du Nudel uwu
[15:43:17]  kingjulienkj: Oh du spielt also gerade mit Fabxx
[15:43:35]  kingjulienkj: Wer gewinnt?
[15:43:40]  kingjulienkj: kingju20MysteryNom
[15:51:47]  fabxx45: warum hat sie das kak gate geöffnet
[15:52:48]  j0nas500: https://clips.twitch.tv/FairSarcasticButterCoolStoryBro-VGXkLZ61iGO0sM7H
[15:55:33]  fabxx45: hä legit hit
[15:55:49]  fabxx45: seh da keinen grund sich zu beschweren
[15:55:58]  fabxx45: bei einem bug freien game
[15:56:39]  fabxx45: I CAME
[16:04:21]  fabxx45: danke an den typen der da unten die pallete geschmiesen hat
[16:06:46]  fabxx45: ich bin erstmal raus essen mach später wieder mit wenn ich darf
[16:21:40]  otp_elias: von ner huntress dominiert worden ?
[16:21:44]  otp_elias: oder camping ?#
[16:25:05]  otp_elias: oh god
[16:25:49]  otp_elias: Ich wusste garnicht wenn man twitch namen ändert das der nin extra zähler macht im "Chatters Leaderboard"
[16:26:09]  otp_elias: weil auf 0mysterion habe ich 400 ca
[16:26:09]  j0nas500: !commands
[16:26:09]  j0nas500: j0nas500 alle Befehle findest du hier: https://j0nas500.de/commands
[16:26:16]  otp_elias: und hier 278
[16:26:38]  otp_elias: @j0nas500 403 Error "forbidden
[16:27:01]  j0nas500: !rename
[16:27:26]  otp_elias: !rename
[16:27:45]  otp_elias: erst alter dennn neuer ?
[16:28:29]  j0nas500: !rename oldusername newusername
[16:29:25]  otp_elias: !rename 0mysterion otp_elias
[16:30:06]  j0nas500: !rename
[16:30:06]  streamelements: @j0nas500, Verwendung: !rename ALTERNAME
[16:30:11]  j0nas500: Auf diesem Discord Server quatschen und schreiben wir immer: https://jnkl.de/dc
[16:30:17]  otp_elias: !rename 0mysterion
[16:30:17]  streamelements: Erfolgreich 985 Punkte, 0 historisch  Punkte,  1 day 8 hours Zuschauzeit und  10 hours 20 mins Offline-Chat-Zeit von 0mysterion nach otp_elias bewegt SeemsGood.
[16:31:09]  otp_elias: also meist guck ich nur zu
[16:31:12]  otp_elias: und schreib nich
[16:31:31]  fabxx45: ich kann grad garnicht mehr spielen
[16:31:34]  fabxx45: husten kickt rein
[16:31:39]  otp_elias: aber trz is dat noch nicht im leaderboard ander :/
[16:31:54]  otp_elias: @fabxx45 Ich habe halsschmerzen wie ken andere
[16:31:56]  otp_elias: anderer*
[16:33:49]  otp_elias: oh my
[16:33:51]  otp_elias: lord
[16:34:33]  otp_elias: nt
[16:36:54] fabxx45 redeemed Trink Wasser 200
[16:37:54]  gergentleman: eyyy habt noch platz frei?
[16:37:58]  gergentleman: Spontan lustbekommen
[16:38:01]  gergentleman: moin moin
[16:38:12]  gergentleman: achja bin kake in dem game
[16:39:02]  gergentleman: will nur wissen wo hin ^^
[16:40:47]  otp_elias: och man du
[16:40:54]  otp_elias: warum failst du auch
[16:42:50]  j0nas500: !setgame Chess
[16:42:51]  j0nas500: Changed the current game to: Chess
[16:43:19] Updated game to Chess
[16:43:25]  otp_elias: ich wäre halt platz 5 wenn die punkte zusammen gezählt wären
[16:43:34]  otp_elias: SirSad
[16:43:48]  otp_elias: noch nie schach gespielt
[16:43:49]  otp_elias: und ne
[16:43:53]  otp_elias: kein brain dafür
[16:44:01]  otp_elias: bin zu dumm
[16:44:04]  gergentleman: DBD ist immer offen :D
[16:44:19]  otp_elias: Spiel stunden farmer.
[16:44:38]  gergentleman: kann ich net will ich net xD
[16:44:56]  otp_elias: Lass valo spielen
[16:45:00]  otp_elias: da wär ich offen
[16:45:01]  j0nas500: Chatregeln: https://j0nas500.de/rules
[16:45:23]  otp_elias: will mal geflamet werden von pros
[16:45:37]  gergentleman: oder sonnst mach ich dbd zu ^^
[16:46:07]  otp_elias: joners
[16:53:42] Updated game to Dead by Daylight
[16:54:03]  otp_elias: Ich spar jz auf free szb
[16:54:05]  otp_elias: sub*
[16:54:38]  otp_elias: na channel punkte
[16:56:31]  gergentleman: wo darf ich dich nerven?
[16:58:19]  gergentleman: alle
[16:58:58]  gergentleman: :D
[17:12:52]  otp_elias: junge self care dauer doch übel lange
[17:13:20]  otp_elias: safe
[17:13:44]  otp_elias: ich hab mich entschieden in 4 jahren geh ich npd wählen
[17:25:49]  fabxx45: lilithomenWHEEZE
[17:26:46]  fabxx45: einfach ich mit dem hsuten
[17:27:29]  otp_elias: @fabxx45 wie oft willst dus noch erwähnen ?
[17:27:34]  gergentleman: ERSTES MAL
[17:27:37]  otp_elias: oh jonas
[17:27:39]  otp_elias: oh
[17:27:52]  otp_elias: ach dat war die alles klar
[17:28:40]  fabxx45: dieses dead heart
[17:31:18]  fabxx45: jonas warte mal bitte auf mich
[17:33:41] AutoMod: Held a message for reason: namecalling level 1. Allow will post it in chat. Allow Deny
[17:33:41] otp_elias: du tust mir leid mit lang ficker freddy
[17:34:14]  fabxx45: kein bt frech
[17:34:33]  otp_elias: wo is der moderator der meine nachricht zu lässt
[17:34:36]  otp_elias: uff
[17:34:56]  otp_elias: du tust mir leid mit lang finger freddy
[17:34:59]  otp_elias: denn so
[17:37:14] j0nas500 added ficker as a permitted term on AutoMod.
[17:37:24]  fabxx45: einfach luft weg gemacht
[17:38:08]  tsd_pyro: hey mein hübscher ^^
[17:38:14]  fabxx45: man muss immer destrike spielen es hilft nix
[17:38:21]  j0nas500: Folge mir auf Twitter: https://twitter.com/j0nas500
[17:38:23]  otp_elias: wollte gerad schon
[17:38:25]  otp_elias: sagen*
[17:38:25]  tsd_pyro: geht so selber `?
[17:38:41]  tsd_pyro: @otp_elias moin du geile sau
[17:39:03]  otp_elias: @otp_elias Moin du verlasser
[17:39:17]  otp_elias: @otp_elias moin du verlasser
[17:39:21]  tsd_pyro: wie verlasser ?
[17:39:31]  tsd_pyro: ah doch i know
[17:39:31]  otp_elias: denk mal drüber nach
[17:39:54]  otp_elias: man ich war so gespannt :(
[17:40:08]  tsd_pyro: erzähle dir dann später
[17:40:29]  otp_elias: Später im sinne du schreibst "nacher" und denn wieder nicht
[17:40:31]  otp_elias: :(
[17:40:36]  otp_elias: nachher *
[17:40:44]  tsd_pyro: ne wir jeden
[17:40:50]  tsd_pyro: reden
[17:41:05]  otp_elias: Ick bekam mehr depression durch pyro als durch meine roblox chayas
[17:41:07]  tsd_pyro: maybe jetzt ?
[17:41:11]  fabxx45: j0 könnten sie mich einladen bei mir bist du noch in einem match
[17:41:16]  tsd_pyro: @otp_elias wtf
[17:41:18]  otp_elias: @tsd_pyro ok
[17:41:44] fabxx45 redeemed Trink Wasser 200
[17:41:48]  otp_elias: !rename 0mysterion otp_elias
[17:41:48]  streamelements: Erfolgreich 0 Punkte, 0 historisch  Punkte, 0 secs Zuschauzeit und 0 secs Offline-Chat-Zeit von 0mysterion nach otp_elias bewegt SeemsGood.
[17:41:55]  fabxx45: die blume muss übergegossen werden
[17:47:45]  kingjulienkj: Ich könnte in game Tod einlösen qwq
[17:48:39]  otp_elias: Du wurdest weg gefe-gelt
[17:49:35]  otp_elias: Das war deine letzte runde oder ?
[17:49:40]  otp_elias: bzw ist oder ?
[17:50:24]  henner247: moin!
[17:50:43] otp_elias redeemed Eine Runde noch 3500
[17:50:45]  otp_elias: ^^
[17:50:51]  j0nas500: Alle Befehle: https://j0nas500.de/commands
[17:51:10]  henner247: ja drittes :D ist noch nicht viel passiert bei uns
[17:51:15]  henner247: und wie war deine erste woche?
[17:52:22]  otp_elias: pyro
[17:52:25]  henner247: ja friedenberg ist schon ein komischer kunde :D
[17:52:26]  otp_elias: hat gezwungen
[17:52:29]  otp_elias: hat mir gedroht
[17:52:32]  otp_elias: angestifftet
[17:52:52]  henner247: hardwaregrundlagen ist schon anspruchsvoll fand ich
[17:53:11]  henner247: in mathe kommt man locker durch die klausur weil er vorher immer probeklausuren rausgibt
[17:54:57]  henner247: friedenberg zockt auch WoW und macht in den vorlesungen immer anspielungen auf das game
[17:55:10]  henner247: wir hatten auch mal aufgaben in denen es um WoW ging
[17:55:38]  henner247: ja ^^
[17:55:59]  henner247: und im zweiten semester gehts weiter mit hardwaregrundlagen 2 LUL
[17:56:28]  tsd_pyro: Ich mag Kuchen ^^
[17:56:36]  henner247: same
[17:56:51]  tsd_pyro: geld zurück
[17:57:38]  karnickelchentv: Hallo du J Null
[17:57:39]  otp_elias: xD
[17:57:39]  karnickelchentv: !subs
[17:57:41]  otp_elias: hatg er noed ?
[17:57:43]  karnickelchentv: Feiner Bot
[17:57:52]  otp_elias: @KarnickelchenTV weg mit dir
[17:58:03]  karnickelchentv: Aber steht bei Commands drin
[17:58:05]  karnickelchentv: nicer
[17:58:21]  otp_elias: !pppp
[17:58:21]  j0nas500: PPPP Strams sind: Pfiffige, Pöbel, Plauder, Programmierer Streams. Also Just Chatting mit von mir erstellten hässlichen Code :D
[17:58:21]  karnickelchentv: Unten beim Panel
[17:58:33]  karnickelchentv: Du bist Uralt
[17:58:46]  otp_elias: !bananen
[17:58:46]  j0nas500: @otp_elias,  hat 21 Bananen und war schon  3 hours and 34 minutes lang im Chat.
[17:58:53]  karnickelchentv: LUL
[17:58:57]  tsd_pyro: Nur bitches
[17:59:14]  otp_elias: !löschdich @KarnickelchenTV
[17:59:14]  j0nas500: KarnickelchenTV lösch dich: https://loeschdich.de/KarnickelchenTV Kappa
[17:59:19]  karnickelchentv: Imagine ich "muss" mit nem 11 Jährigen DBD spielen
[17:59:30]  karnickelchentv: Ja
[17:59:34]  karnickelchentv: Ich mach das nicht mehr mit
[17:59:35]  otp_elias: !llll
[17:59:36]  j0nas500: LLLL Streams stehen für: Labern, Lästern, Lernen, Labend. Es ist also Just Chatting mit Schulstoff :D
[17:59:36]  karnickelchentv: NEIN
[17:59:40]  karnickelchentv: ICH WILL STERBEN
[17:59:46]  karnickelchentv: DER IST 11
[17:59:47]  karnickelchentv: MAN
[17:59:48]  tsd_pyro: ok
[17:59:50]  otp_elias: !kleingeld
[17:59:50]  j0nas500: Du kannst mir hier ein bisschen Kleingeld dalassen: https://streamelements.com/j0nas500/tip Vielen vielen Dank an jeden einzelnen <3
[17:59:51]  karnickelchentv: UND VERHÄLT SICH SO
[18:00:02]  fabxx45: er schreibt mir auf dc udn schickt mir friends requests für dbd
[18:00:03]  otp_elias: !google
[18:00:03]  j0nas500: https://www.google.de/
[18:00:07]  karnickelchentv: Komm mal kurz Call
[18:00:11]  karnickelchentv: Ich muss Wut rauslassen
[18:00:19]  otp_elias: !discord
[18:00:19]  j0nas500: Discord: https://jnkl.de/dc
[18:00:22]  karnickelchentv: Du bist unangenehm
[18:00:28]  karnickelchentv: Musst du
[18:00:29]  karnickelchentv: Doch
[18:00:34]  karnickelchentv: Eben
[18:00:53]  j0nas500: Schau doch gerne mal bei unserer Community-Webseite vorbei :) https://mvbuddies.de
[18:01:05]  fabxx45: lügen besagen ich würde das auch gern ehören
[18:01:10]  tsd_pyro: HEUTE WIRD GETRUNKEN
[18:01:25]  karnickelchentv: Frech
[18:01:33]  otp_elias: ok
[18:01:41]  otp_elias: War alles geplant
[18:01:46]  fabxx45: so ben jetzt möcht icfh auch nochmal alles hören
[18:01:48]  otp_elias: nö hab ich nicht
[18:02:06]  tsd_pyro: SAUFEN
[18:02:26]  tsd_pyro: ICH WILL DRUNK SEIN
[18:03:24]  tsd_pyro: JETZT DOCH NOCH NICHT
[18:03:40]  tsd_pyro: später
[18:06:59]  otp_elias: so joners ich geh mal essenn ^^
[18:07:43] 4 raiders from nocho__ have joined!
[18:07:44]  j0nas500: nocho__ raided uns mit 4  Zuschauern! Zuletzt gestreamt wurde Minecraft.
[18:08:20]  nocho__: joar ich dachte bissl Vanilla mal wieder zocken xD
[18:08:30]  nocho__: ist ganz witzig
[18:11:43]  tsd_pyro: punkte
[18:13:56] Updated game to Duty Calls
[18:14:06] Updated game to Life is Strange: Before the Storm
[18:14:33] Updated title to weiter gehts mit dem Life is Strange Franchise
[18:14:38]  tsd_pyro: !saufen
[18:43:07]  fabxx45: beledige den kek
[18:43:52]  fabxx45: mach ihn nieder
[18:45:23]  fabxx45: wer so tanzt griegt von mir ein schuss in den kopf
[18:47:28]  fabxx45: jonas nexten streamt tanzt du
[18:56:05]  fabxx45: pisshead
[18:58:00]  fabxx45: no boobs
[18:58:58]  fabxx45: https://youtu.be/rcnHwzyDx48
[18:59:43]  fabxx45: no boobs only eyes
[18:59:46]  fabxx45: only face
[18:59:50]  fabxx45: NO BOOBS
[19:02:41]  fabxx45: porn incoming
[19:10:41]  karnickelchentv: Boobs?
[19:10:42]  karnickelchentv: Wo?
[19:10:57]  karnickelchentv: Was
[19:10:58]  karnickelchentv: Wie
[19:11:02]  j0nas500: Auf diesem Discord Server quatschen und schreiben wir immer: https://jnkl.de/dc
[19:13:01]  fabxx45: no boobs
[19:13:03]  fabxx45: only eyes
[19:13:05]  fabxx45: only face
[19:22:43]  lawezz: Hola Amigo, Qué pása? Tiene mascotas?
[19:22:59]  lawezz: mir egal
[19:23:10]  lawezz: ich bin bis jz alleine
[19:24:00]  lawezz: wollte auch noch 1-2 killer games zocken aber sag bescheid wenn du fertig bist :)
[19:24:11]  lawezz: weißt ja wwo du mich findest
[19:31:25] Now hosting Lawezz.
[19:32:02] j0nas500 is now offline.
[21:47:07] lawezz has gone offline. Exiting host mode.
