# Start logging at 2021-11-04 16:32:21 Mitteleuropäische Zeit
[16:32:21] connected
[16:36:40]  j0nas500: !kcreset
[16:36:43]  j0nas500: Kruiz Control Initialized
[16:38:19] j0nas500 is live!
[16:38:38]  j0nas500: !live
[16:39:32]  fabxx45: kurzifix control an
[16:41:43]  otp_elias: Selam
[16:41:45]  otp_elias: wo indie
[16:41:47]  otp_elias: ich mag indie
[16:42:01]  fabxx45: nein kruzifix control
[16:42:08]  otp_elias: bah krunker
[16:42:09]  otp_elias: bah
[16:42:15]  fabxx45: nein nicht krunker
[16:42:23]  j0nas500: Fabs du stinkst
[16:42:24]  fabxx45: !tts warum
[16:42:44] otp_elias redeemed Trink Wasser 200
[16:42:52]  otp_elias: guten durst
[16:42:58]  otp_elias: da fehlt das essen
[16:43:09]  otp_elias: mach doch essen für 300
[16:43:11]  otp_elias: punkte*
[16:43:23]  fabxx45: schons o dumbo
[16:43:54]  fabxx45: willst du pornhub starten
[16:44:22]  otp_elias: nich mach
[16:44:24]  otp_elias: geh essen
[16:44:27]  fabxx45: ich kenn jemanden
[16:44:44] j0nas500 redeemed Aim? 1250
[16:45:08] j0nas500 redeemed Bewege mich 5250
[16:45:38]  otp_elias: Wie hab ich gerade 300 punkte bekommen ?
[16:46:02]  otp_elias: achso
[16:46:36]  fabxx45: achtung spoiler j0 stinkt
[16:47:00] Updated game to missed messages.
[16:47:05]  fabxx45: achtung spoiler hentai
[16:47:11]  lawezz: @fabxx45 true
[16:47:33]  fabxx45: racist
[16:47:34]  lawezz: Hallo J0 du Boomer
[16:47:50]  lawezz: !löschdich j0nas500
[16:47:51]  j0nas500: j0nas500 lösch dich: https://loeschdich.de/j0nas500 Kappa
[16:48:14]  lawezz: das wird funny xD
[16:48:15]  fabxx45: jaaa english skills von jonas
[16:48:27]  lawezz: Webcam 2 FPS KEKW
[16:48:40]  lawezz: k
[16:48:45] fabxx45 redeemed Sonnenbrille 1500
[16:49:09]  lawezz: J0 winkt* webcam so: WEl now u see nothing
[16:49:20]  lawezz: Was ist das denn?
[16:49:32]  lawezz: sieht aus wie nh Biene
[16:49:37]  lawezz: !lurk
[16:49:45]  lawezz: Sadge
[16:49:56]  fabxx45: @Lawezz mit der sonnenbrille hab cih j0 zum ersten mal gesehen
[16:50:17]  lawezz: @fabxx45 magine
[16:50:38]  fabxx45: imagine man schreibt magine
[16:50:42]  lawezz: azar heißt das glauve
[16:51:03]  lawezz: @fabxx45 imagine man ist 14 in 2021 OMEGALUL
[16:51:05]  fabxx45: send meme back
[16:51:26]  lawezz: MEME PepePls
[16:51:45]  fabxx45: imagine man heißt lion und schaut aktiv venshi
[16:52:10]  lawezz: öffne mal azar
[16:52:31]  lawezz: das blau weiße heit glaube azar
[16:52:36]  fabxx45: mach mal anders lied
[16:52:53]  lawezz: loosing interest catJAM
[16:54:08]  lawezz: 54 is
[16:54:25]  fabxx45: 10 minuten
[16:55:07]  lawezz: loosing interest legit soo ein nices Lied
[16:55:24]  fabxx45: send nudels
[16:55:30]  lawezz: frag mich nur wie die da copyright gekriegt haben
[16:55:31]  lawezz: ja
[16:55:35]  lawezz: heißt so
[16:56:41]  lawezz: funktioniert dein TTS noch?
[16:57:04]  lawezz: macht ja gar kein sinn
[16:57:19]  lawezz: aber wenigstens funktioniert es bei dir
[16:57:32]  lawezz: nich so wie das isahia creati scheiß
[16:58:24]  lawezz: willst du mir nicht erzählen das du nicht weißt was goth ist
[16:58:54]  lawezz: idk aber ist dasselbe
[16:59:04]  lawezz: vllt das extra bvetonen
[16:59:18]  lawezz: das goth ist das selbe wie das goth in goth gf
[16:59:39]  lawezz: aber warum sie goth genannt wird check ich jz auch nich
[17:00:25]  lawezz: The Brief: A "goth gf" is a fetishized ideal of a girlfriend with a gothic-style
[17:00:42]  lawezz: Airdrop ist bluetooth für apple Kappa
[17:01:16]  lawezz: ne denke das ist da auch nicht gemaeint OMEGALUL
[17:02:27]  lawezz: Rip Sadge
[17:04:34]  lawezz: ne hatte ich jz nich so lust mir das vorzustellen
[17:04:59]  lawezz: Trotzdem will ich es mir nicht vorstellen
[17:05:47]  lawezz: ja gedankenlos war nicht bad
[17:06:34]  lawezz: GJ popCat
[17:07:05]  lawezz: das game wäre nix für mich
[17:08:23]  lawezz: Will auch Tee peepoShy
[17:08:39]  lawezz: nix heiß getrunken
[17:08:45]  lawezz: warm aber nich heiß
[17:08:54]  lawezz: der stand da schon locker 20min
[17:09:14]  lawezz: nein aber warm
[17:09:42]  tsd_pyro: ich denke viel nach und du kommst drin vor, ich liebe alles an dir dein Charakter dein aussehen und dein Humor. Du machst mich glücklich, und ich sehe Zukunft machst es mir überhaupt möglich. Meinung?
[17:11:00]  tsd_pyro: okay sry
[17:11:08]  lawezz: eine 2schneidige schneide
[17:19:10]  lawezz: ich geh mal jz in den Lurk game ist nichts für mich
[17:21:15]  lawezz: Game Atmosphäre erinnert mich an einige Dinge die ich gerne vergessen würde Sadge
[17:21:55]  lawezz: Ja bleibe ja im Lurk aber anderer Tab und muted
[17:22:06]  bjarne02: Stream du das noch den ganzen Abend?
[17:23:07]  bjarne02: Ich frage, da du Donnerstags ja eine C-Runde machen wolltest
[17:24:00]  bjarne02: Ja alles gut, ich wollte ja nur wissen ob es stattfindet
[17:48:38]  herr_elo: du kannst ja doch englisch
[17:54:03]  karnickelchentv: So vertreibst du also den NNN-Tag
[17:54:04]  karnickelchentv: I see
[17:54:06]  karnickelchentv: LUL
[17:54:54]  karnickelchentv: Aber sehr einfallsreicher Titel :thumbs-up:
[17:55:03] Updated game to Stilstand
[17:55:21]  lawezz: wäre ich mod könnte ich ja !setgame machen
[17:55:30]  karnickelchentv: @Lawezz Sadge
[17:55:41]  lawezz: imagine
[17:55:46]  lawezz: will auch was zu tun haben
[17:56:05]  karnickelchentv: S'ch'tilstand bitte
[17:57:01]  lawezz: geht ja gut los KEKW
[18:11:24] tsd_pyro redeemed OOF 100
[18:12:47]  tsd_pyro: also die sieht echt scheiße aus will ich mal nur am Rande sagen. Und noch am rauchen ekelhaft. Wie war überhaupt so dein Tag ?
[18:15:22]  specialeeel: dikka was sind das für beine
[18:15:24]  specialeeel: hahah
[18:15:44]  specialeeel: guck mal das gesicht hahahaha
[18:17:16]  specialeeel: perfekt
[18:17:54]  specialeeel: jooo wie breit war er ?haha
[18:18:06]  specialeeel: ja Lasse
[18:19:43]  baumschulstuhl: wer ist ihn
[18:20:50]  fabxx45: @lawezz schau mal discord
[18:21:03]  baumschulstuhl: selber asses wu
[18:22:29]  fabxx45: @j0nas500 wann komm tetris OMEGALUL
[18:22:50]  baumschulstuhl: 300 kmh
[18:22:52]  baumschulstuhl: rein da
[18:25:03]  fabxx45: https://tetr.io/<font style="vertical-align: inherit;"><font style="vertical-align: inherit;">#SCYW</font></font>
[18:25:07] 
[18:25:07] The message from fabxx45 is now deleted.
[18:25:26]  fabxx45: ich schicks dir einfach auf dc
[18:26:42]  fabxx45: jonas jan ist auch dabei bei tetris
[18:28:40]  fabxx45: was ist das überhaupt
[18:28:59]  fabxx45: macht du dann ein raum auf bei tetr
[18:43:08]  fabxx45: komm mal dc
[18:47:42]  lawezz: jannik ist mein bf
[18:48:02]  lawezz: du bist selber boyfriend
[18:48:06]  lawezz: best friend
[18:48:21]  otp_elias: ok
[18:48:24]  otp_elias: doch
[18:48:28]  otp_elias: bf best friend
[18:48:42]  lawezz: bff also byfriend ficken oder wie?
[18:48:55]  otp_elias: @Lawezz Die sind besonders
[18:54:38]  lawezz: an der nächsten ausfahrt rechts abbiegen KEKW
[18:55:37] Updated game to TETR.IO
[18:55:42]  lawezz: warum spielst du eig immer noch stillstand j0?
[18:56:02]  jaypengi: moin
[18:56:02]  lawezz: der hacked sooo 100%
[18:58:03]  otp_elias: kann man in sowas überhaupt hacken ?
[18:58:23]  otp_elias: boar das betrunken spielen
[18:58:34]  otp_elias: einfach nach den ersten 10 sek tot
[18:59:01]  otp_elias: einfach ich
[18:59:06]  otp_elias: "ich kann das nicht "
[19:01:34]  otp_elias: Definitiv besser als dbd
[19:02:58]  michelin_ente: warum machtr ihr eigemtlich quickplay und nicht ne privat lobby XD
[19:03:48]  otp_elias: Was FÜR STEUERUNG
[19:04:06]  michelin_ente: LUL
[19:04:13]  michelin_ente: erstmal die steurerung flamen LUL
[19:05:23]  michelin_ente: tspisch noob wen einer besser ist als er hackt er natürlich
[19:06:51]  michelin_ente: schade da bin ich extra wegen tetris gejoind
[19:07:00]  michelin_ente: na dann bin ich wieder weg
[19:07:43] Updated game to Getting Over It
[19:14:33]  otp_elias: drück dich doch hoch
[19:15:18]  lawezz: du bist einfach zu schlecht PepePls
[19:15:37]  otp_elias: musst du nich eig mit der maus immer von links rüber nach rechts ?
[19:16:09]  otp_elias: !bsg
[19:16:10]  j0nas500: Bitte kein Backseatgaming oder ungefragte Tipps. Jonas weiß, was er tut und wenn er was wissen möchte, wird er auch fragen.
[19:16:12]  otp_elias: kommt nichts
[19:16:18]  fabxx45: du wirst das game heute nicht schafen
[19:16:25]  lawezz: sag doch nur das du schlecht bist dumbo
[19:16:43] otp_elias redeemed Trink Wasser 200
[19:16:46] otp_elias redeemed OOF 100
[19:17:02]  fabxx45: @Lawezz du bsit lost
[19:17:09]  otp_elias: Iss doch mal was
[19:17:32]  fabxx45: nenen das ganze game
[19:17:45]  otp_elias: @fabxx45 zu lang
[19:17:48]  lawezz: okayyyyyyyyyy lets go
[19:17:57]  fabxx45: deswegen hab ich ja gesagt
[19:18:38] otp_elias redeemed Aim? 1250
[19:19:17]  otp_elias: Geil
[19:19:28]  otp_elias: Ich hatte doch gerade 420 :((((((
[19:20:01]  fabxx45: ne
[19:20:03]  otp_elias: ne
[19:20:23]  otp_elias: NEIn
[19:20:25]  otp_elias: NEIN
[19:20:28]  otp_elias: JAAA
[19:20:48]  fabxx45: smart
[19:21:22]  fabxx45: punch dich dcoh vom boden weg
[19:22:19]  fabxx45: fettfinger
[19:23:07]  lawezz: strong
[19:24:50]  specialeeel: hah aha
[19:26:20]  specialeeel: omg auf einmal flügel bekommen
[19:26:25]  specialeeel: uff
[19:26:27]  specialeeel: hahahah
[19:26:46]  specialeeel: was ist mit 4min?
[19:29:51]  specialeeel: hahahaahaha
[19:30:00]  specialeeel: junge junge das game ist wilöd
[19:30:57] specialeeel redeemed OOF 100
[19:31:40]  tsd_pyro: j0 bitte behalten sie die ruhe und atmen sie ein und wieder aus. J0 sie werden es schaffen glauben sie daran und an sich. Gut das war gerade Fail aber naja der weg ist das ziel ^^
[19:31:56]  otp_elias: ja hab mein geld zurück
[19:32:19]  otp_elias: am ende vom weg kommt das ziel
[19:32:27]  specialeeel: crab game?
[19:32:30]  specialeeel: hahaha
[19:32:40] Updated game to The Haunted Island, a Frog Detective Game
[19:33:16]  specialeeel: oh sick
[19:43:10]  lawezz: j0 wie siehts aus
[19:43:22]  lawezz: haste es geschafft oder nich
[19:43:25]  lawezz: F
[19:44:28]  lawezz: und du beschwerst dich wenn ich alles glaube
[19:44:44]  lawezz: guck dir koala an junge
[19:51:47]  henner247: Moin!
[19:54:33]  lawezz: Bernie Pog
[19:54:44]  henner247: ist das LA Noire auf wish bestellt LUL
[19:55:58]  henner247: ist auch so ein detektiv game
[19:56:02]  henner247: von rockstar games
[20:11:09]  otp_elias: sido
[20:28:25]  henner247: OSFrog
[20:30:09]  henner247: bestes game
[20:31:51]  henner247: aber süß wie sie winken
[20:35:31]  henner247: LUL
[20:40:12] Updated game to Just Chatting
[20:42:28]  fabxx45: loading
[20:42:56]  fabxx45: eine runde tetris quick match Kappa
[20:44:29]  j0nas500: !kcreset
[20:44:33]  j0nas500: Kruiz Control Initialized
[20:45:32]  j0nas500: Jonas ist ungefähr in  Minuten wieder da
[20:46:32]  j0nas500: Jonas ist ungefähr in  Minuten wieder da
[20:47:32]  j0nas500: Jonas ist ungefähr in  Minuten wieder da
[20:48:03]  j0nas500: !kcreset
[20:48:05]  j0nas500: Kruiz Control Initialized
[20:56:35]  henner247: ist das ein nutellabrot?
[20:56:57]  henner247: mit oder ohne butter?
[20:57:11]  lawezz: besser is auch
[20:57:13]  henner247: whyyyy
[20:57:18]  henner247: NotLikeThis
[20:57:26]  henner247: junge das isst man mit butter
[20:57:35]  lawezz: Jürgen spielt grad roblox
[20:57:40]  henner247: j0nas5Wtf
[20:57:43]  lawezz: 1st mal das ich j0 recht gebe
[20:58:04]  henner247: hast du es schon mal mit butter probiert?
[20:58:50]  tsd_pyro: erstmal fressen
[20:59:04]  tsd_pyro: kuss<3
[20:59:09]  henner247: dann hat das nutella-butter-verhältnis nicht gestimmt
[20:59:29]  nessie_2002: fressack hahaha
[20:59:42]  nessie_2002: halloooooo
[20:59:44]  henner247: WutFace
[20:59:46]  tsd_pyro: ich esse immer ein block butter auf stulle
[21:01:08]  nessie_2002: immer nur am essen haha
[21:02:28]  tsd_pyro: Jonas bist du eine Waschmaschine wen ja würde gerne was schmutziges in dich stecken <3<3^^
[21:02:54]  henner247: SeemsGood
[21:03:55]  henner247: einfach ohne bettwäsche pennen
[21:04:03]  henner247: dann muss man auch nichts waschen kappa
[21:07:38]  henner247: reinsucken hört sich gut an
[21:08:54]  henner247: ich müsste das erst installieren glaub ich
[21:08:58]  henner247: aber prinzipiell schon
[21:09:40]  henner247: was wollt ihr auf dem server machen?
[21:09:51]  tsd_pyro: must mir mal helfen mit dem Schman aber bin erst spät on ^^
[21:10:21]  tsd_pyro: bier ?
[21:10:25]  tsd_pyro: was ich will alles
[21:10:32]  tsd_pyro: spaß ekelhaft
[21:11:25]  tsd_pyro: will dich entführen j0nas5Wtf
[21:11:25]  henner247: hört sich schon lustig an
[21:11:32]  henner247: wann wollt ihr damit anfangen?
[21:13:01]  henner247: welcher discord server?
[21:13:15]  j0nas500: !dc
[21:13:16]  j0nas500: Discord: https://jnkl.de/dc
[21:14:26] Updated game to Estranged
[21:15:09] Updated game to Estranged: The Departure
[21:15:14]  henner247: jetzt möchte ich aber auch die sub rolle auf dem discord haben Kappa
[21:15:41]  henner247: ah ok
[21:16:23]  henner247: 3 liter
[21:16:40]  nessie_2002: nicht mehr als ein liter ich weiß zu wenig hups
[21:17:31]  nessie_2002: man hört dich nicht
[21:18:50]  lawezz: war ja klar das der herr nathe lk das wieder ausrechnet OMEGALUL
[21:42:15]  lawezz: ich sag schonmal tschüss j0
[22:02:21]  pizzaman_steve: jojo
[22:06:08]  henner247: Pizzamann Steffen
[22:06:19]  henner247: Kappa
[22:47:07]  karnickelchentv: Big Bonk
[23:36:58] cxrynx_ redeemed OOF 100
[23:45:06]  j0nas500: !offline
[23:45:18] j0nas500 is now offline.
