# Start logging at 2021-09-28 19:43:39 Mitteleuropäische Sommerzeit
[19:43:39] connected
[19:43:41] j0nas500 is live!
[19:57:20]  otp_elias: kriegst es eh nicht hin
[19:57:58]  otp_elias: ach dachte er discord ?
[19:57:58]  j0nas500: Discord: jnkl.de/dc
[19:58:00]  lillyisthier: und wie lange machst du heute?
[19:58:02] otp_elias redeemed Trink Wasser 200
[19:59:34]  otp_elias: !rename 0mysterion otp_elias
[19:59:34]  streamelements: Erfolgreich 0 Punkte, 0 historisch  Punkte, 0 secs Zuschauzeit und 0 secs Offline-Chat-Zeit von 0mysterion nach otp_elias bewegt SeemsGood.
[19:59:56]  otp_elias: ach nur punkte
[19:59:57]  otp_elias: lol
[20:02:44]  kingjulienkj: Hello
[20:04:33]  otp_elias: wie bitte ?
[20:04:38]  otp_elias: hab nichts gehört
[20:04:59]  otp_elias: sind alles faker
[20:10:47] Updated title to einfach paar lustige (verzweifelte) SoloQ Runden haben
[20:12:54]  florianien: yay das Schwein bekommt ein Ad on wo alle mit einer Falle auf dem Kopf starten draconNani
[20:13:56]  florianien: btw dafür wird ein gelbes ad on rot das heißt alle gelben werden in rote verwndelt das heißt man hat viele
[20:14:38]  florianien: was hällst du von den neuen Perks der neuen Survivorin?
[20:15:21]  florianien: window of opertuniti ist ganz nett aber nicht brocken
[20:15:37]  florianien: finde die Hex perk buffs nice
[20:16:40]  florianien: z.B. das 3 siegel gibt den blindness effekt jetzt auch wenn man mit einer fähigkeit schaden macht und nicht nur noch m1
[20:17:36]  florianien: und das andere Perk das bei hits palleten blockt hat 32 meter reichweite jetzt und funktioniert jetzt auch bei mehr als nur M1
[20:18:04]  henne_btw: Ey jonas ich will in 2 min VIP vor meinem Namen sehen
[20:18:46] You have added Henne_Btw as a vip of this channel.
[20:18:59]  henne_btw: na klar
[20:19:03]  henne_btw: doch bist du
[20:19:15]  henne_btw: ja mach
[20:19:19]  henne_btw: echt?
[20:19:26]  henne_btw: ok warte
[20:19:33]  florianien: ach übrigens mindebreaker gibt dir wenn du an gens arbeitet nicht nur erschöpfung sondern jetzt auch noch blindness
[20:22:18]  florianien: ach das selbsteheilen wird bald lustig werden
[20:22:19]  j0nas500: Schau doch gerne mal bei unserer Community-Webseite vorbei :) https://mvbuddies.de
[20:22:33]  florianien: stimmt keys werden generft yay
[20:24:31]  florianien: nene was da bald passiert da wird build to last das kleinste Problem beim selbsteheilen sein
[20:24:53]  florianien: ein perk von der neuen
[20:26:37]  florianien: Babysitter ist das von steve was gebufft wird das perk XD
[20:27:12]  florianien: Guardian (formerly Babysitter): Added a 7% Haste status effect for the rescued survivor. Removed the Killer seeing your aura. Killer aura visibility for you increased to 8 seconds (was 4 seconds).
[20:28:23]  florianien: Leichtgewicht?
[20:28:41]  florianien: das macht deine Kratzspuren 3 sekunden kürzer sichtbar XD
[20:30:35]  florianien: ehm J0nas Rang 100 gameplay?
[20:31:14]  florianien: ich glaube mit hoffnung oder Blutpackt
[20:31:49]  florianien: hey der Killer wird auch spaß haben später hex totems zu suchen XD
[20:34:38]  florianien: btw mit fixirt gehst du auch schneller wenn du an ketten hängst
[20:36:45]  florianien: ach btw nachtwache wird ja auch gebufft das könnte dich auch interessieren als sprintboost spieler
[20:37:41]  florianien: Vigil: Recovery bonus increased to 20/25/30% (was 10/15/20%). Added Broken, Exposed, and Oblivious to the status effects modified by the perk.
# Start logging at 2021-09-28 20:40:23 Mitteleuropäische Sommerzeit
[20:40:23] connected
[20:40:25] j0nas500 is live!
[20:42:46]  j0nas500: a
[20:43:18]  florianien: btw wo bleibt das PC herunterfahren
[20:43:43]  florianien: der Feiler der schwebt ist von seinem Mori
[20:44:37]  florianien: deine Cheryl sieht scheiße aus selphyTootl2
[20:45:22]  florianien: spiel Laurie selphyNANI
[20:45:46]  florianien: kasutaKnife
[20:46:12]  florianien: 3 Konsolen? zählen kannst du
[20:46:15]  florianien: oder?
[20:46:37]  florianien: 3?
[20:46:57]  florianien: 2 nicht 3
[20:47:00]  j0nas500: Auf diesem Discord Server quatschen und schreiben wir immer: https://jnkl.de/dc
[20:47:18]  florianien: die in der Mitte war steam spieler
[20:48:08]  florianien: habe auch mal mit konsolen spieler gespielt er hat auch PC schlechter gespielt XD
[20:48:47]  florianien: gut bei 2 gleich aussehenden den zu nehmen der es für dich getan hat
[20:48:50]  otp_elias: ok
[20:48:53] otp_elias redeemed Trink Wasser 200
[20:48:57]  otp_elias: Trinken !
[20:50:05]  florianien: es gibt verdammt gute Trap spots auf der Map da ist es echt leicht in welche zu laufen
[20:50:52]  florianien: der trapper bekommtz auch ein buff er startet mit mit Trommelwürbel
[20:51:09]  florianien: 2 Traps
[20:52:57]  otp_elias: "imagine man fällt in ne trap"
[20:53:07]  otp_elias: geht*
[20:53:22]  florianien: in keine Trap laufen Kappa
[20:54:54]  florianien: https://clips.twitch.tv/VastEncouragingVampireDoubleRainbow-qEWEktupxULYeQVu
[20:55:21]  otp_elias: jonas
[20:55:24]  otp_elias: ich hab miesen impf arm
[20:57:28]  florianien: nee die lache wollte ich umbedingt drinne haben
[20:57:35]  florianien: https://clips.twitch.tv/SmokyEnergeticTruffleBibleThump-Eubj6YHCic8E9gSU
[20:59:01]  justsaruman: guten Abend miteinander
[20:59:29]  florianien: bin erstmal raus einen guten Stream schauen
[20:59:33]  justsaruman: ja ich würde mir gerne ein Paar Runden zu gemüte führen
[21:00:22]  justsaruman: uhm, und ich habe da eine Frage: ich hab gesehen du hast auf Steam Syberia gespielt, was hälst du von dem Game und Lohnt sich das noch obwohl das 19 Jahre alt ist ?
[21:00:59]  justsaruman: iwie 6 Stunden
[21:01:09]  justsaruman: also Teil 1
[21:01:29]  justsaruman: dreist
[21:01:40]  justsaruman: ja die sind beide im Moment kostenlos
[21:02:29]  justsaruman: und ich bin halt am überlegen mir den neuen Teil im Dezember zu holen und wollte dann die alten Spiele vorher mal spielen
[21:03:03]  otp_elias: Warum blau filter ?
[21:03:11]  justsaruman: Blaufilter brauch ich nicht, ich mach mir die Augen nachhaltig kaputt
[21:05:29]  otp_elias: achso okkk
[21:05:31]  otp_elias: danke
[21:05:43]  justsaruman: Ich werd auch so müde, so ca. um 1 oder 2 nachts
[21:05:50]  j0nas500: Chatregeln: https://j0nas500.de/rules
[21:06:08]  otp_elias: nur gefarmt holy
[21:07:14]  justsaruman: ich kann nebenbei auch noch immer Tee oder Energy- Drink trinken und werde dadurch aber auch nicht wacher, ich könnte mich wahrscheinlich auch direkt nach Sport hinlegen und pennen.
[21:08:59]  justsaruman: muss ich demnächst mal ausprobieren
[21:23:42] 2 raiders from Lawezz have joined!
[21:23:43]  j0nas500: lawezz raided uns mit 2 Zuschauern! Zuletzt gestreamt wurde Dead by Daylight. Dies ist das 2. Mal, dass uns lawezz geraided hat!
[21:23:51] lawezz redeemed Ingame Tod 7500
[21:24:16]  lawezz: uiiiiiiii
[21:24:26]  lawezz: kompletter Tod
[21:24:40] 27 raiders from V3nshi have joined!
[21:24:41]  j0nas500: v3nshi raided uns mit 27  Zuschauern! Zuletzt gestreamt wurde Just Chatting.
[21:24:45]  lawezz: heute ist tag der toxic survs
[21:24:47]  v3nshi: PepePls  PepePls  PepePls  PepePls  PepePls  PepePls
[21:24:48]  derallerechtelao: heCrazy
[21:24:49]  lawezz: uiii
[21:24:56]  v3nshi: peepoShy  peepoShy  peepoShy  peepoShy
[21:25:00]  machandsome: Guten Abend.
[21:25:04]  lawezz: andrey72RAID
[21:25:06]  v3nshi: Tue ich auch
[21:25:22]  v3nshi: Bin doch community freundlich
[21:25:29]  karnickelchentv: Fifa Traiding ist voll anstrengend
[21:25:46]  derallerechtelao: V3nshi und homosexuellen freundlich oder? Okayge
[21:25:50]  v3nshi: ergibt keinen sinn*
[21:25:53]  lawezz: du brauchst head on, ooo und bnp das ist das outfit for today
[21:25:56]  karnickelchentv: Open handed
[21:26:10]  lawezz: @KarnickelchenTV lösch dich
[21:26:20]  otp_elias: 1 mal fifa mabe
[21:26:26]  otp_elias: reicht aber auchn altes
[21:26:27]  lawezz: das outfit ist heute toxic
[21:26:55]  lawezz: 1 fifa kaufen und dann reicht das
[21:27:01]  v3nshi: also @j0nas500 hab dich lieb, you are the greatesty love you
[21:27:01]  karnickelchentv: Ich hab halt 19, 20, und 21
[21:27:06]  v3nshi: gute nacht :)
[21:27:11]  lawezz: klasenkamerade bleiben alle zuhause wenn das rauskommt
[21:27:13]  v3nshi: 720p stream btw
[21:27:33]  v3nshi: gehe noch nicht pennen, muss jetzt riverdale gucken
[21:27:40]  j0nas500: Folge mir auf Twitter: https://twitter.com/j0nas500
[21:27:41]  v3nshi: mit nem kollgegen
[21:27:56]  lawezz: @KarnickelchenTV BenEw
[21:28:01]  otp_elias: 19,20,21 so viel geld einfach verbrannt
[21:28:13]  karnickelchentv: Muss euch nicht gefallen, ist halt mein Geschmack
[21:28:35]  karnickelchentv: Ich pay da nicht rein
[21:28:45]  karnickelchentv: Hab ich ja nicht
[21:28:52]  lawezz: 180€ für 3x das selbe game TriKool
[21:28:57]  otp_elias: abzocke auf niedrigstem Niveau
[21:29:01]  karnickelchentv: Karrieremodus wurde immer übel viel verändert
[21:29:14]  lawezz: KEKW
[21:29:41]  lawezz: min 2x head on
[21:29:46]  karnickelchentv: Du bist halt der Trainer von ner Mannschafft
[21:29:48]  lawezz: oder bnp
[21:30:03]  karnickelchentv: Und da gibts auch Pressekonferenzen
[21:30:04]  lawezz: brand new part
[21:30:26]  lawezz: eben
[21:30:35]  lawezz: heute ist es extrem
[21:30:43]  lawezz: und auch nicht in fifa KEKW
[21:30:49]  lawezz: doch
[21:30:52]  lawezz: guck mein vod
[21:32:11]  lawezz: @j0nas500  @KarnickelchenTV https://betterttv.com/emotes/61536d91b63cc97ee6d3c997
[21:32:11] 
[21:32:16]  lawezz: HAHAHEZG(AJFHBJFABDOFNABNFJKL
[21:32:29]  karnickelchentv: Der ist gut
[21:32:33]  lawezz: der geist
[21:32:36]  lawezz: lösch dich
[21:33:16]  lawezz: Geister Alman xD
[21:33:43]  lawezz: und dann noch ohne bt
[21:34:20]  lawezz: wie du als geist sagst KEKW
[21:34:42]  lawezz: achsoo
[21:34:50]  lawezz: aber der heißt gespenst
[21:34:56]  lawezz: nich geist Kappa
[21:35:08]  karnickelchentv: Dumm?
[21:35:12]  karnickelchentv: Spirit ist Geist
[21:35:17]  karnickelchentv: Äh gespenst
[21:35:25]  lawezz: neeee nvm
[21:35:30]  lawezz: spirit ist gespenst
[21:35:33]  lawezz: er ist
[21:35:35]  lawezz: wraith
[21:35:44]  lawezz: Spuk person
[21:36:05]  lawezz: KEKW
[21:36:35]  lawezz: ja hast du
[21:37:01]  lawezz: vergiss es
[21:37:07]  lawezz: guck dir gleich das emote an
[21:37:37]  lawezz: zum gate läuft sie
[21:37:40]  j0nas500: Alle Befehle: https://j0nas500.de/commands
[21:37:51]  lawezz: is nix schlimmes
[21:37:57]  lawezz: rip
[21:38:16]  lawezz: und kein bt :/
[21:38:53]  lawezz: los j0
[21:39:08]  lawezz: UIIIIIIIIIII
[21:39:33]  lawezz: technician Op Kappa
[21:39:58]  lawezz: breakdown op KappaClaus
[21:40:09]  lawezz: emote
[21:40:39]  j0nas500: j0nas5Wtf
[21:40:58]  lawezz: musst du adden
[21:41:11]  lawezz: noch nix gute nacht
[21:41:18]  lawezz: dann werf wen raus
[21:41:28]  j0nas500: WeirdChamp
[21:43:19]  lawezz: oder auf nh Privat schule?
[21:43:48]  henner247: j0nas5Wtf
[21:43:55]  lawezz: auf ffz muss noch angenommen werden
[21:44:08]  lawezz: nh anderer Henne
[21:44:14]  lawezz: und nh jane
[21:44:18]  henner247: hab ich nicht geguckt und du?^^
[21:44:19]  lawezz: = head on
[21:44:26]  lawezz: ormond nein
[21:44:44]  lawezz: ormond ist die schnee map
[21:44:45]  henner247: und wie wars so
[21:44:48]  lawezz: hawkins
[21:44:57]  lawezz: oder marys letter
[21:46:23]  henner247: hört sich sehr spannend an
[21:50:41]  otp_elias: joners
[21:51:15]  otp_elias: Ich war gerade im alten zimmer habe meinen ranzen gepackt und da sind auf einmal 2 kleine silber fische, Weißt du ob die iwie was machen oder so
[21:51:52]  otp_elias: Also wes du nich ob die iwat machen ?
[21:51:59]  otp_elias: Denn frag ich mal google ^^
[21:52:00]  j0nas500: Schau doch gerne mal bei unserer Community-Webseite vorbei :) https://mvbuddies.de
[21:59:20]  lillyisthier: gute nacht
[22:04:40] Now hosting DEANjpg.
[22:05:21] j0nas500 is now offline.
[22:45:35] deanjpg has gone offline. Exiting host mode.
