# Start logging at 2021-11-02 13:48:29 Mitteleuropäische Zeit
[13:48:29] connected
[13:50:26] j0nas500 is live!
[13:50:32]  j0nas500: a
[13:50:40] j0nas500 redeemed Trink Wasser 200
[13:56:11]  otp_elias: du und minecraft ??
[13:56:44]  otp_elias: Ok Roboter j0
[13:56:50]  otp_elias: ich habe nichts verstanden
[13:57:25]  otp_elias: jep du warst sehr sehr unverständlich
[14:00:42]  otp_elias: Ja ich wäre so oder so bei so einem rpg der der in der mine chillt
[14:01:00]  otp_elias: Bauen kann ich nicht
[14:01:06]  otp_elias: heißt 0 kreativität
[14:01:26]  otp_elias: Flint and Steal
[14:01:28]  otp_elias: glaube so
[14:01:36]  otp_elias: flint iwas
[14:03:19]  otp_elias: tot
[14:03:43]  otp_elias: Ich denke das ist iwas mit blut
[14:03:50]  otp_elias: das man vllt ausblutet dieses rote
[14:04:01]  otp_elias: wenn man geboxt wurde
[14:05:58]  herr_elo: machst du am wochenende mit elias?
[14:06:52]  otp_elias: Ah spielt ihr meist alle am we ?
[14:07:20]  herr_elo: ja
[14:07:32]  herr_elo: bzw da ist der server nur on
[14:08:15]  otp_elias: Ich gucke mal
[14:08:34]  otp_elias: Weil ich Papa we habe
[14:09:16]  otp_elias: Geil
[14:09:18]  otp_elias: xD
[14:09:24]  herr_elo: ah ja jonas
[14:09:25]  j0nas500: Auf diesem Discord Server quatschen und schreiben wir immer: https://jnkl.de/dc
[14:12:11]  otp_elias: for me ?
[14:12:22]  otp_elias: 👉👈
[14:13:14]  j0nas500: !kcreset
[14:13:17]  j0nas500: Kruiz Control Initialized
[14:13:20]  j0nas500: !mitmachen
[14:13:21]  j0nas500: Um an dem MC RP Adventure Server teilzunehmen, musst du auf den Discord Server dir die Rolle Minecraft geben, der dir Zugriff auf alle relevanten Informationen gibt. Discord: https://jnkl.de/dc
[14:13:21]  j0nas500: Discord: jnkl.de/dc
[14:17:32]  otp_elias: Ich bin stolz auf mich
[14:17:41]  otp_elias: im chatters leaderboard wäre ich eig 3 platz ^^
[14:18:09]  otp_elias: ne doch nur 4er
[14:18:30]  j0nas500: !kcreset
[14:18:32]  j0nas500: Kruiz Control Initialized
[14:18:36]  j0nas500: !prime
[14:18:37]  j0nas500: Hier könnt ihr euren Amazon Prime Account mit Twitch verbinden: https://gaming.amazon.com/prime | Ihr erhaltet Prime Gaming und einen kostenfreien Sub pro Monat.
[14:18:37]  j0nas500: Hier könnt ihr euren Amazon Prime Account mit Twitch verbinden: https://gaming.amazon.com/prime | Ihr erhaltet Prime Gaming und einen kostenfreien Sub pro Monat.
[14:18:45]  j0nas500: !regeln
[14:18:45]  j0nas500: j0nas500 Bitte lese die Chatregeln: https://j0nas500.de/rules
[14:18:45]  j0nas500: Regeln: https://j0nas500.de/rules
[14:19:13]  j0nas500: !regeln @otp_elias
[14:19:13]  j0nas500: @otp_elias Bitte lese die Chatregeln: https://j0nas500.de/rules
[14:19:45]  otp_elias: ne
[14:19:51]  otp_elias: lsese ich nich
[14:20:02]  otp_elias: 404
[14:20:04]  otp_elias: danke
[14:20:12]  otp_elias: file not found
[14:20:30]  otp_elias: Eine dreiste Frechheit
[14:21:36]  j0nas500: !kcreset
[14:21:39]  j0nas500: Kruiz Control Initialized
[14:21:41]  j0nas500: !spieldochmal
[14:21:41]  j0nas500: Hier wird gespielt wie und was der Streamer möchte, ihr könnt gerne Wünsche äußern, Tipps geben oder gut gemeinte Kritik anbringen, achtet dabei aber auf euren Ton! :)
[14:21:53]  j0nas500: !spieldochmal @otp_elias
[14:21:53]  j0nas500: @otp_elias Hier wird gespielt wie und was der Streamer möchte, ihr könnt gerne Wünsche äußern, Tipps geben oder gut gemeinte Kritik anbringen, achtet dabei aber auf euren Ton! :)
[14:21:57]  otp_elias: !spieldochmal
[14:21:58]  j0nas500: !spieldochmit
[14:21:58]  j0nas500: Wenn Jonas oder einer der anderen Streamer, die Lust, die Möglichkeit und die Zeit dazu hat mit jemanden anderen aufzunehmen oder zu streamen, dann wird er das tun so wie er es möchte! :)
[14:22:03]  otp_elias: true mach ich
[14:22:04]  otp_elias: immer
[14:22:05]  j0nas500: Chatregeln: https://j0nas500.de/rules
[14:24:13]  j0nas500: !kcreset
[14:24:16]  j0nas500: Kruiz Control Initialized
[14:24:19]  j0nas500: !dumbo
[14:24:19]  j0nas500: j0nas500 ist zu 8% Dumbo!
[14:24:30]  j0nas500: !dumbo @otp_elias
[14:24:30]  j0nas500: j0nas500@otp_elias ist zu 11% Dumbo!
[14:24:42]  otp_elias: danke
[14:24:52]  j0nas500: !wannkommt
[14:24:52]  j0nas500: Wann welches Spiel gespielt wird, entscheidet Jonas selbst, möglicherweise hat er heute keine Lust auf bestimmte Spiele. Danach zu fragen, macht es eher unwahrscheinlicher, dass es bald kommt.
[14:26:27]  j0nas500: !kcreset
[14:26:29]  j0nas500: Kruiz Control Initialized
[14:26:30]  j0nas500: !wer
[14:26:31]  j0nas500: j0nas5Wer j0nas5Wer j0nas5Wer j0nas5Wer j0nas5Wer
[14:26:31]  j0nas500: j0nas5Wer j0nas5Wer j0nas5Wer j0nas5Wer j0nas5Wer
[14:26:31]  j0nas500: j0nas5Wer j0nas5Wer j0nas5Wer j0nas5Wer j0nas5Wer
[14:26:31]  j0nas500: j0nas5Wer j0nas5Wer j0nas5Wer j0nas5Wer j0nas5Wer
[14:26:31]  j0nas500: j0nas5Wer j0nas5Wer j0nas5Wer j0nas5Wer j0nas5Wer
[14:26:37]  j0nas500: !werbung
[14:26:37]  j0nas500: Eigen- sowie Fremdwerbung ist nicht gestattet.
[14:28:17]  j0nas500: !kcreset
[14:28:20]  j0nas500: Kruiz Control Initialized
[14:28:21]  j0nas500: !wo
[14:28:21]  j0nas500: j0nas5Wo j0nas5Wo j0nas5Wo j0nas5Wo j0nas5Wo
[14:28:21]  j0nas500: j0nas5Wo j0nas5Wo j0nas5Wo j0nas5Wo j0nas5Wo
[14:28:21]  j0nas500: j0nas5Wo j0nas5Wo j0nas5Wo j0nas5Wo j0nas5Wo
[14:28:21]  j0nas500: j0nas5Wo j0nas5Wo j0nas5Wo j0nas5Wo j0nas5Wo
[14:28:21]  j0nas500: j0nas5Wo j0nas5Wo j0nas5Wo j0nas5Wo j0nas5Wo
[14:28:24]  j0nas500: !wer
[14:28:24]  j0nas500: j0nas5Wer j0nas5Wer j0nas5Wer j0nas5Wer j0nas5Wer
[14:28:24]  j0nas500: j0nas5Wer j0nas5Wer j0nas5Wer j0nas5Wer j0nas5Wer
[14:28:24]  j0nas500: j0nas5Wer j0nas5Wer j0nas5Wer j0nas5Wer j0nas5Wer
[14:28:24]  j0nas500: j0nas5Wer j0nas5Wer j0nas5Wer j0nas5Wer j0nas5Wer
[14:28:24]  j0nas500: j0nas5Wer j0nas5Wer j0nas5Wer j0nas5Wer j0nas5Wer
[14:28:59]  otp_elias: w
[14:32:05]  j0nas500: Folge mir auf Twitter: https://twitter.com/j0nas500
[14:38:22]  otp_elias: !wer
[14:38:22]  j0nas500: j0nas5Wer j0nas5Wer j0nas5Wer j0nas5Wer j0nas5Wer
[14:38:22]  j0nas500: j0nas5Wer j0nas5Wer j0nas5Wer j0nas5Wer j0nas5Wer
[14:38:22]  j0nas500: j0nas5Wer j0nas5Wer j0nas5Wer j0nas5Wer j0nas5Wer
[14:38:22]  j0nas500: j0nas5Wer j0nas5Wer j0nas5Wer j0nas5Wer j0nas5Wer
[14:38:22]  j0nas500: j0nas5Wer j0nas5Wer j0nas5Wer j0nas5Wer j0nas5Wer
[14:38:37]  otp_elias: !spieldochmal
[14:38:37]  j0nas500: Hier wird gespielt wie und was der Streamer möchte, ihr könnt gerne Wünsche äußern, Tipps geben oder gut gemeinte Kritik anbringen, achtet dabei aber auf euren Ton! :)
[14:38:39]  otp_elias: !wer
[14:38:39]  j0nas500: j0nas5Wer j0nas5Wer j0nas5Wer j0nas5Wer j0nas5Wer
[14:38:39]  j0nas500: j0nas5Wer j0nas5Wer j0nas5Wer j0nas5Wer j0nas5Wer
[14:38:39]  j0nas500: j0nas5Wer j0nas5Wer j0nas5Wer j0nas5Wer j0nas5Wer
[14:38:39]  j0nas500: j0nas5Wer j0nas5Wer j0nas5Wer j0nas5Wer j0nas5Wer
[14:38:39]  j0nas500: j0nas5Wer j0nas5Wer j0nas5Wer j0nas5Wer j0nas5Wer
[14:40:07]  otp_elias: j0
[14:40:14]  otp_elias: hast du gerade 4€ auf ppl mabe ?
[14:41:04]  otp_elias: wer darf den nicht sehen
[14:41:13]  otp_elias: ich bin eh zu blöd für alles
[14:41:59]  otp_elias: Boar j0 mir fällt gerade ein  ich habe in der Deutsch ka ne 3 bekommen über ein thema was für unsere alte klasse komplett neu war
[14:42:06]  otp_elias: und für die wo ich rein kam standart
[14:42:21]  otp_elias: Heißt auch ohne knowledge hab ich geballert alles
[14:42:46]  otp_elias: Ka = Klassenarbeit
[14:42:48]  otp_elias: sorry
[14:43:08]  otp_elias: ich hab verstanden das du ka = keine ahnung gesagt hast
[14:44:30]  j0nas500: !kcreset
[14:44:32]  j0nas500: Kruiz Control Initialized
[14:44:39]  j0nas500: !tts Test
[14:44:39]  j0nas500: Test erfolgreich :)
[14:44:50]  j0nas500: !kcreset
[14:44:53]  j0nas500: Kruiz Control Initialized
[14:45:03]  j0nas500: !tts Jonas stinkt ganz doll nach Maggi
[14:45:05]  j0nas500: Alle Befehle: https://j0nas500.de/commands
[14:45:32]  j0nas500: !kcreset
[14:45:34]  j0nas500: Kruiz Control Initialized
[14:45:38]  j0nas500: !tts Jonas
[14:45:38]  j0nas500: TTS
[14:46:20]  j0nas500: !kcreset
[14:46:23]  j0nas500: Kruiz Control Initialized
[14:46:25]  j0nas500: !tts Jonas
[14:46:26]  j0nas500: TTS
[14:47:26]  j0nas500: !kcreset
[14:47:35]  fabxx45: was machen sachen
[14:47:37]  j0nas500: !kcreset
[14:47:45]  fabxx45: du sachen machen
[14:47:52]  j0nas500: !kcreset
[14:48:09]  j0nas500: !kcreset
[14:48:45]  j0nas500: Kruiz Control Initialized
[14:49:11]  j0nas500: !tts Fabs ist ein riesen Mongo, weil der probiert TTS zu abusen. AAAA BBBABS A SA A SD ASD SA DA SD ASD AS DSA D ASD DAD
[14:49:11]  fabxx45: !TTs
[14:49:16]  fabxx45: !TTS
[14:49:19]  fabxx45: !tts
[14:49:20]  j0nas500: !stop
[14:49:41]  fabxx45: TTS du dumbo
[14:49:54]  fabxx45: !tts du dumbo
[14:50:21]  fabxx45: geht ja ned
[14:50:26]  otp_elias: TTS
[14:50:36]  fabxx45: doch darf ich
[14:50:51]  otp_elias: !TTS
[14:50:53]  j0nas500: !kcreset
[14:50:55]  j0nas500: Kruiz Control Initialized
[14:51:03]  otp_elias: !tts Selam aleykum
[14:51:03]  fabxx45: !tts ich bin ein dumbo
[14:51:17]  otp_elias: tts Ich stehe auf
[14:51:21]  otp_elias: !tts füße
[14:51:36]  fabxx45: !tts renter
[14:51:43]  otp_elias: !tts ich mag lange Zehennägel
[14:51:56]  fabxx45: !tts ok
[14:52:07]  otp_elias: !tts nein
[14:52:19]  j0nas500: !tts Ja
[14:52:25]  fabxx45: !tts soll ich testen
[14:52:31]  otp_elias: !tts nnein
[14:52:42]  j0nas500: !tts Ja
[14:52:44]  j0nas500: !tts Nein
[14:52:45]  j0nas500: !tts Ja
[14:52:49]  j0nas500: !tts Nein
[14:52:51]  j0nas500: !tts Ja
[14:52:53]  j0nas500: !tts Nein
[14:52:56]  j0nas500: !tts Ja
[14:53:06]  j0nas500: !tts ich mag lange Zehennägel
[14:53:07]  j0nas500: !tts ich mag lange Zehennägel
[14:53:08]  j0nas500: !tts ich mag lange Zehennägel
[14:53:16]  otp_elias: !tts füße
[14:53:25]  otp_elias: tts Ich stehe auf
[14:53:33]  otp_elias: !tts Selam aleykum
[14:54:25]  j0nas500: !kcreset
[14:54:27]  j0nas500: Kruiz Control Initialized
[14:54:31]  j0nas500: !tts ich mag lange Zehennägel
[14:54:31]  j0nas500: !tts ich mag lange Zehennägel
[14:54:32]  j0nas500: !tts ich mag lange Zehennägel
[14:54:33]  j0nas500: !tts ich mag lange Zehennägel
[14:54:33]  j0nas500: !tts ich mag lange Zehennägel
[14:54:33]  j0nas500: !tts ich mag lange Zehennägel
[14:54:33]  j0nas500: !tts ich mag lange Zehennägel
[14:54:34]  j0nas500: !tts ich mag lange Zehennägel
[14:54:34]  j0nas500: !tts ich mag lange Zehennägel
[14:54:34]  j0nas500: !tts ich mag lange Zehennägel
[14:54:34]  j0nas500: !tts ich mag lange Zehennägel
[14:54:43]  j0nas500: !tts ich mag lange Zehennägel
[14:54:51]  otp_elias: !tts ich hab kein
[14:54:56]  otp_elias: !tts Cooldown
[14:55:01]  otp_elias: !tts kacke doch
[14:55:05]  otp_elias: !tts NEIN
[14:55:05]  j0nas500: Schau doch gerne mal bei unserer Community-Webseite vorbei :) https://mvbuddies.de
[14:55:15]  otp_elias: !tts was das
[14:55:28]  otp_elias: !tts ich hab kein
[14:55:35]  otp_elias: !tts Cooldown
[14:55:41]  otp_elias: !tts NEIN
[14:55:43]  fabxx45: !tts hallo
[14:55:46]  otp_elias: !tts was das
[14:55:49]  fabxx45: !tts hallo1
[14:55:50]  fabxx45: !tts hallo
[14:55:52]  fabxx45: !tts hallo1
[14:55:53]  fabxx45: !tts hallo
[14:56:27]  lawezz: !dumbo
[14:56:27]  j0nas500: Lawezz ist zu 99% Dumbo!
[14:56:32]  lawezz: ALARM
[14:56:38]  lawezz: 99% DUMBOOO
[14:56:46]  otp_elias: !ttsa lawezz is dumbo
[14:56:51]  otp_elias: !tts lawezz is dumbo
[14:57:03]  j0nas500: !kcreset
[14:57:05]  j0nas500: Kruiz Control Initialized
[14:57:15]  otp_elias: !tts lawezz is dumboo
[14:57:20]  lawezz: imagine dumbi
[14:57:22]  j0nas500: !kcreset
[14:57:24]  j0nas500: Kruiz Control Initialized
[14:57:48]  lawezz: 2 accounts 5Head
[14:58:26]  otp_elias: da
[14:58:41]  otp_elias: kein ding
[14:58:41]  lawezz: jason? das doch der typ aus friday 13th
[14:58:56]  lawezz: 187 Pog
[14:59:21]  j0nas500: !kcreset
[14:59:23]  j0nas500: Kruiz Control Initialized
[14:59:41]  lawezz: folge mit meinem 2. account schon PepeWhy
[14:59:44]  otp_elias: 187
[15:00:28]  lawezz: imagine mein chrime ist immer noch auf japanisch xD
[15:00:31]  lawezz: chrome
[15:02:23]  j0nas500: Kruiz Control Initialized
[15:02:44]  j0nas500: !kcreset
[15:02:47]  j0nas500: Kruiz Control Initialized
[15:02:50]  j0nas500: mvbuddies hat ein Follow dagelassen.
[15:03:11]  j0nas500: !kcreset
[15:03:13]  j0nas500: Kruiz Control Initialized
[15:03:18]  j0nas500: !kcreset
[15:03:20]  j0nas500: Kruiz Control Initialized
[15:03:27]  j0nas500: !tts mvbuddies hat ein Follow dagelassen.
[15:03:32]  j0nas500: mvbuddies hat ein Follow dagelassen.
[15:03:38]  j0nas500: mehmet187361hd hat ein Follow dagelassen.
[15:03:38]  lawezz: uiiiiiiiiii
[15:03:53]  lawezz: mehmet mensch
[15:03:55]  j0nas500: !kcreset
[15:03:58]  j0nas500: Kruiz Control Initialized
[15:04:01]  j0nas500: mvbuddies hat ein Follow dagelassen.
[15:04:08]  otp_elias: wa
[15:04:13]  j0nas500: mvbuddies hat ein Follow dagelassen.
[15:04:14]  fabxx45: !tts lion komm discord
[15:04:14]  j0nas500: Discord: jnkl.de/dc
[15:04:21]  j0nas500: mehmet187361hd hat ein Follow dagelassen.
[15:04:43]  lawezz: J0 MEIN CHROME IST WIEDER DEUTSCH Pog
[15:04:51]  j0nas500: !kcreset
[15:04:54]  j0nas500: Kruiz Control Initialized
[15:04:58]  j0nas500: mehmet187361hd hat ein Follow dagelassen.
[15:05:04]  j0nas500: mvbuddies hat ein Follow dagelassen.
[15:05:05]  j0nas500: Auf diesem Discord Server quatschen und schreiben wir immer: https://jnkl.de/dc
[15:05:11]  j0nas500: mehmet187361hd hat ein Follow dagelassen.
[15:05:18]  fabxx45: mehmet
[15:05:23]  j0nas500: mehmet187361hd hat ein Follow dagelassen.
[15:05:24]  j0nas500: mvbuddies hat ein Follow dagelassen.
[15:05:26]  lawezz: mehhh mett 187.361 HD Pog
[15:05:53]  j0nas500: ローエスズブ hat ein Follow dagelassen.
[15:06:00]  fabxx45: @Lawezz swf?
[15:06:12]  lawezz: mich mag er nicht
[15:06:12]  j0nas500: ローエスズブ hat ein Follow dagelassen.
[15:06:30]  lawezz: roebutzebu OMEGALUL
[15:06:52]  lawezz: 1 bits
[15:06:59]  lawezz: @fabxx45 neeeeeeeee
[15:07:05]  lawezz: spiel killa
[15:07:43]  otp_elias: !wer
[15:07:43]  j0nas500: j0nas5Wer j0nas5Wer j0nas5Wer j0nas5Wer j0nas5Wer
[15:07:43]  j0nas500: j0nas5Wer j0nas5Wer j0nas5Wer j0nas5Wer j0nas5Wer
[15:07:43]  j0nas500: j0nas5Wer j0nas5Wer j0nas5Wer j0nas5Wer j0nas5Wer
[15:07:43]  j0nas500: j0nas5Wer j0nas5Wer j0nas5Wer j0nas5Wer j0nas5Wer
[15:07:43]  j0nas500: j0nas5Wer j0nas5Wer j0nas5Wer j0nas5Wer j0nas5Wer
[15:07:56]  otp_elias: !tts lawezz und j0 sind dumbos insbesondere j0
[15:08:19] otp_elias redeemed Trink Wasser 200
[15:08:22]  lawezz: @j0nas500 j0 warum heißt der emote wie er heißt?
[15:08:34]  lawezz: ich bin nicht elias
[15:08:36]  otp_elias: !essen
[15:08:38]  otp_elias: !isswas
[15:08:50]  otp_elias: @Lawezz Wie nich ?
[15:08:51]  lawezz: !seppl
[15:08:55]  lawezz: schade
[15:08:56]  otp_elias: denn leav den stream dumbo.
[15:09:04]  otp_elias: geh
[15:09:05]  otp_elias: los
[15:11:46]  otp_elias: !tts dumbps
[15:11:52]  otp_elias: mach doch
[15:13:06] fabxx45 redeemed Sonnenbrille 1500
[15:13:20]  otp_elias: retard
[15:13:30] 
[15:13:30] The message from otp_elias is now deleted.
[15:14:27]  fabxx45: zeig sonnenbrille
[15:15:05]  j0nas500: Chatregeln: https://j0nas500.de/rules
[15:17:25]  j0nas500: !kcreset
[15:17:28]  j0nas500: Kruiz Control Initialized
[15:18:19]  j0nas500: !kcreset
[15:18:22]  j0nas500: Kruiz Control Initialized
[15:18:38]  j0nas500: Axxtral hat ein Follow dagelassen
[15:19:09]  otp_elias: gay
[15:20:20]  otp_elias: Was ist denn in 10 minuten ?
[15:22:19]  lawezz: venshi
[15:23:30] This channel has follower or subscriber only chat.
[15:23:48]  lawezz: imagine
[15:23:53]  lawezz: venshi
[15:24:04]  fabxx45: gib a ruah
[15:24:43] Now hosting im2shortfor69.
[15:24:43]  lawezz: imagine
[15:25:26] j0nas500 is now offline.
[22:39:06] disconnected
[22:39:06] Server connection timed out, reconnecting
[22:39:08] connected
[22:39:09] Now hosting im2shortfor69.
# Start logging at 2021-11-02 23:33:02 Mitteleuropäische Zeit
[23:33:02] connected
[23:33:02] Now hosting im2shortfor69.
